<?xml version="1.0" encoding="UTF-8"?>
<coverage generated="1668897325349" clover="3.2.0">
  <project timestamp="1668897325349" name="All files">
    <metrics statements="174" coveredstatements="173" conditionals="57" coveredconditionals="55" methods="36" coveredmethods="36" elements="267" coveredelements="264" complexity="0" loc="174" ncloc="174" packages="6" files="14" classes="14"/>
    <package name="components.Grid">
      <metrics statements="35" coveredstatements="35" conditionals="12" coveredconditionals="12" methods="11" coveredmethods="11"/>
      <file name="Cell.tsx" path="C:\Users\Frenzy\Desktop\evolved\ReactPlayground\minesweeper\src\components\Grid\Cell.tsx">
        <metrics statements="29" coveredstatements="29" conditionals="12" coveredconditionals="12" methods="7" coveredmethods="7"/>
        <line num="27" count="2" type="stmt"/>
        <line num="28" count="39" type="stmt"/>
        <line num="30" count="2" type="stmt"/>
        <line num="31" count="183" type="stmt"/>
        <line num="33" count="183" type="stmt"/>
        <line num="35" count="183" type="stmt"/>
        <line num="39" count="26" type="stmt"/>
        <line num="41" count="26" type="cond" truecount="2" falsecount="0"/>
        <line num="42" count="6" type="stmt"/>
        <line num="46" count="183" type="stmt"/>
        <line num="57" count="183" type="stmt"/>
        <line num="72" count="2" type="stmt"/>
        <line num="73" count="183" type="stmt"/>
        <line num="79" count="183" type="cond" truecount="5" falsecount="0"/>
        <line num="81" count="20" type="stmt"/>
        <line num="87" count="12" type="stmt"/>
        <line num="89" count="3" type="stmt"/>
        <line num="95" count="3" type="stmt"/>
        <line num="101" count="145" type="stmt"/>
        <line num="109" count="2" type="stmt"/>
        <line num="121" count="196" type="cond" truecount="2" falsecount="0"/>
        <line num="127" count="2" type="stmt"/>
        <line num="128" count="2" type="stmt"/>
        <line num="144" count="2" type="stmt"/>
        <line num="147" count="165" type="cond" truecount="2" falsecount="0"/>
        <line num="153" count="2" type="stmt"/>
        <line num="160" count="2" type="stmt"/>
        <line num="164" count="2" type="stmt"/>
        <line num="173" count="2" type="stmt"/>
      </file>
      <file name="Grid.tsx" path="C:\Users\Frenzy\Desktop\evolved\ReactPlayground\minesweeper\src\components\Grid\Grid.tsx">
        <metrics statements="6" coveredstatements="6" conditionals="0" coveredconditionals="0" methods="4" coveredmethods="4"/>
        <line num="23" count="1" type="stmt"/>
        <line num="24" count="1" type="stmt"/>
        <line num="26" count="12" type="stmt"/>
        <line num="27" count="144" type="stmt"/>
        <line num="39" count="1" type="stmt"/>
        <line num="41" count="1" type="stmt"/>
      </file>
    </package>
    <package name="components.Scoreboard">
      <metrics statements="15" coveredstatements="15" conditionals="2" coveredconditionals="2" methods="5" coveredmethods="5"/>
      <file name="Counter.tsx" path="C:\Users\Frenzy\Desktop\evolved\ReactPlayground\minesweeper\src\components\Scoreboard\Counter.tsx">
        <metrics statements="3" coveredstatements="3" conditionals="0" coveredconditionals="0" methods="1" coveredmethods="1"/>
        <line num="11" count="1" type="stmt"/>
        <line num="12" count="2" type="stmt"/>
        <line num="15" count="1" type="stmt"/>
      </file>
      <file name="Level.tsx" path="C:\Users\Frenzy\Desktop\evolved\ReactPlayground\minesweeper\src\components\Scoreboard\Level.tsx">
        <metrics statements="5" coveredstatements="5" conditionals="0" coveredconditionals="0" methods="2" coveredmethods="2"/>
        <line num="19" count="1" type="stmt"/>
        <line num="20" count="1" type="stmt"/>
        <line num="22" count="3" type="stmt"/>
        <line num="29" count="1" type="stmt"/>
        <line num="38" count="1" type="stmt"/>
      </file>
      <file name="Reset.tsx" path="C:\Users\Frenzy\Desktop\evolved\ReactPlayground\minesweeper\src\components\Scoreboard\Reset.tsx">
        <metrics statements="4" coveredstatements="4" conditionals="2" coveredconditionals="2" methods="1" coveredmethods="1"/>
        <line num="13" count="2" type="stmt"/>
        <line num="14" count="9" type="stmt"/>
        <line num="16" count="9" type="stmt"/>
        <line num="28" count="2" type="stmt"/>
      </file>
      <file name="Scoreboard.tsx" path="C:\Users\Frenzy\Desktop\evolved\ReactPlayground\minesweeper\src\components\Scoreboard\Scoreboard.tsx">
        <metrics statements="3" coveredstatements="3" conditionals="0" coveredconditionals="0" methods="1" coveredmethods="1"/>
        <line num="35" count="1" type="stmt"/>
        <line num="43" count="1" type="stmt"/>
        <line num="55" count="1" type="stmt"/>
      </file>
    </package>
    <package name="helpers">
      <metrics statements="80" coveredstatements="80" conditionals="38" coveredconditionals="38" methods="9" coveredmethods="9"/>
      <file name="CellsManipulator.ts" path="C:\Users\Frenzy\Desktop\evolved\ReactPlayground\minesweeper\src\helpers\CellsManipulator.ts">
        <metrics statements="12" coveredstatements="12" conditionals="8" coveredconditionals="8" methods="3" coveredmethods="3"/>
        <line num="8" count="8" type="stmt"/>
        <line num="11" count="158" type="stmt"/>
        <line num="28" count="8" type="stmt"/>
        <line num="29" count="1255" type="cond" truecount="4" falsecount="0"/>
        <line num="37" count="8" type="stmt"/>
        <line num="38" count="40" type="stmt"/>
        <line num="40" count="40" type="stmt"/>
        <line num="41" count="320" type="cond" truecount="2" falsecount="0"/>
        <line num="42" count="238" type="stmt"/>
        <line num="43" count="238" type="cond" truecount="2" falsecount="0"/>
        <line num="44" count="198" type="stmt"/>
        <line num="49" count="40" type="stmt"/>
      </file>
      <file name="Field.ts" path="C:\Users\Frenzy\Desktop\evolved\ReactPlayground\minesweeper\src\helpers\Field.ts">
        <metrics statements="17" coveredstatements="17" conditionals="7" coveredconditionals="7" methods="3" coveredmethods="3"/>
        <line num="7" count="7" type="stmt"/>
        <line num="28" count="7" type="stmt"/>
        <line num="31" count="34" type="stmt"/>
        <line num="52" count="7" type="stmt"/>
        <line num="53" count="8" type="cond" truecount="4" falsecount="0"/>
        <line num="54" count="2" type="stmt"/>
        <line num="57" count="6" type="stmt"/>
        <line num="58" count="6" type="stmt"/>
        <line num="60" count="6" type="stmt"/>
        <line num="62" count="6" type="stmt"/>
        <line num="63" count="26" type="stmt"/>
        <line num="64" count="210" type="cond" truecount="2" falsecount="0"/>
        <line num="65" count="32" type="stmt"/>
        <line num="66" count="32" type="stmt"/>
        <line num="67" count="32" type="stmt"/>
        <line num="69" count="210" type="stmt"/>
        <line num="72" count="6" type="stmt"/>
      </file>
      <file name="detectSolvedPuzzle.ts" path="C:\Users\Frenzy\Desktop\evolved\ReactPlayground\minesweeper\src\helpers\detectSolvedPuzzle.ts">
        <metrics statements="20" coveredstatements="20" conditionals="10" coveredconditionals="10" methods="1" coveredmethods="1"/>
        <line num="9" count="4" type="stmt"/>
        <line num="13" count="270" type="stmt"/>
        <line num="15" count="270" type="stmt"/>
        <line num="16" count="270" type="stmt"/>
        <line num="17" count="270" type="stmt"/>
        <line num="18" count="270" type="stmt"/>
        <line num="20" count="270" type="stmt"/>
        <line num="21" count="2338" type="stmt"/>
        <line num="22" count="22108" type="stmt"/>
        <line num="23" count="22108" type="stmt"/>
        <line num="25" count="22108" type="cond" truecount="2" falsecount="0"/>
        <line num="26" count="13696" type="stmt"/>
        <line num="29" count="22108" type="cond" truecount="2" falsecount="0"/>
        <line num="30" count="444" type="stmt"/>
        <line num="33" count="22108" type="cond" truecount="2" falsecount="0"/>
        <line num="34" count="2983" type="stmt"/>
        <line num="36" count="2983" type="cond" truecount="2" falsecount="0"/>
        <line num="37" count="441" type="stmt"/>
        <line num="44" count="270" type="cond" truecount="2" falsecount="0"/>
        <line num="46" count="270" type="stmt"/>
      </file>
      <file name="openCell.ts" path="C:\Users\Frenzy\Desktop\evolved\ReactPlayground\minesweeper\src\helpers\openCell.ts">
        <metrics statements="18" coveredstatements="18" conditionals="10" coveredconditionals="10" methods="1" coveredmethods="1"/>
        <line num="12" count="2" type="stmt"/>
        <line num="17" count="251" type="stmt"/>
        <line num="19" count="251" type="stmt"/>
        <line num="20" count="251" type="stmt"/>
        <line num="22" count="251" type="cond" truecount="2" falsecount="0"/>
        <line num="23" count="2" type="stmt"/>
        <line num="26" count="249" type="cond" truecount="2" falsecount="0"/>
        <line num="27" count="116" type="stmt"/>
        <line num="29" count="116" type="stmt"/>
        <line num="31" count="116" type="stmt"/>
        <line num="32" count="928" type="cond" truecount="2" falsecount="0"/>
        <line num="33" count="718" type="stmt"/>
        <line num="34" count="718" type="stmt"/>
        <line num="36" count="718" type="cond" truecount="4" falsecount="0"/>
        <line num="37" count="165" type="stmt"/>
        <line num="43" count="249" type="stmt"/>
        <line num="45" count="249" type="stmt"/>
        <line num="47" count="249" type="stmt"/>
      </file>
      <file name="setFlag.ts" path="C:\Users\Frenzy\Desktop\evolved\ReactPlayground\minesweeper\src\helpers\setFlag.ts">
        <metrics statements="13" coveredstatements="13" conditionals="3" coveredconditionals="3" methods="1" coveredmethods="1"/>
        <line num="11" count="2" type="stmt"/>
        <line num="16" count="16" type="stmt"/>
        <line num="17" count="16" type="stmt"/>
        <line num="19" count="16" type="stmt"/>
        <line num="21" count="16" type="cond" truecount="3" falsecount="0"/>
        <line num="23" count="1" type="stmt"/>
        <line num="24" count="1" type="stmt"/>
        <line num="26" count="1" type="stmt"/>
        <line num="27" count="1" type="stmt"/>
        <line num="29" count="13" type="stmt"/>
        <line num="30" count="13" type="stmt"/>
        <line num="33" count="16" type="stmt"/>
        <line num="35" count="16" type="stmt"/>
      </file>
    </package>
    <package name="hooks">
      <metrics statements="5" coveredstatements="5" conditionals="0" coveredconditionals="0" methods="3" coveredmethods="3"/>
      <file name="useMouseDown.ts" path="C:\Users\Frenzy\Desktop\evolved\ReactPlayground\minesweeper\src\hooks\useMouseDown.ts">
        <metrics statements="5" coveredstatements="5" conditionals="0" coveredconditionals="0" methods="3" coveredmethods="3"/>
        <line num="6" count="5" type="stmt"/>
        <line num="11" count="196" type="stmt"/>
        <line num="13" count="196" type="stmt"/>
        <line num="14" count="196" type="stmt"/>
        <line num="16" count="196" type="stmt"/>
      </file>
    </package>
    <package name="modules">
      <metrics statements="2" coveredstatements="2" conditionals="0" coveredconditionals="0" methods="0" coveredmethods="0"/>
      <file name="GameSettings.ts" path="C:\Users\Frenzy\Desktop\evolved\ReactPlayground\minesweeper\src\modules\GameSettings.ts">
        <metrics statements="2" coveredstatements="2" conditionals="0" coveredconditionals="0" methods="0" coveredmethods="0"/>
        <line num="1" count="1" type="stmt"/>
        <line num="7" count="1" type="stmt"/>
      </file>
    </package>
    <package name="modules.GameWithHooks">
      <metrics statements="37" coveredstatements="36" conditionals="5" coveredconditionals="3" methods="8" coveredmethods="8"/>
      <file name="useGame.ts" path="C:\Users\Frenzy\Desktop\evolved\ReactPlayground\minesweeper\src\modules\GameWithHooks\useGame.ts">
        <metrics statements="37" coveredstatements="36" conditionals="5" coveredconditionals="3" methods="8" coveredmethods="8"/>
        <line num="28" count="1" type="stmt"/>
        <line num="29" count="106" type="stmt"/>
        <line num="31" count="106" type="stmt"/>
        <line num="32" count="106" type="stmt"/>
        <line num="34" count="106" type="cond" truecount="0" falsecount="1"/>
        <line num="35" count="2" type="stmt"/>
        <line num="36" count="2" type="stmt"/>
        <line num="39" count="106" type="stmt"/>
        <line num="41" count="106" type="stmt"/>
        <line num="45" count="106" type="stmt"/>
        <line num="49" count="106" type="stmt"/>
        <line num="51" count="106" type="stmt"/>
        <line num="52" count="80" type="stmt"/>
        <line num="53" count="80" type="stmt"/>
        <line num="58" count="79" type="cond" truecount="1" falsecount="1"/>
        <line num="59" count="0" type="stmt"/>
        <line num="61" count="79" type="stmt"/>
        <line num="63" count="1" type="stmt"/>
        <line num="64" count="1" type="stmt"/>
        <line num="68" count="106" type="stmt"/>
        <line num="69" count="11" type="stmt"/>
        <line num="74" count="11" type="cond" truecount="2" falsecount="0"/>
        <line num="75" count="1" type="stmt"/>
        <line num="77" count="11" type="stmt"/>
        <line num="80" count="106" type="stmt"/>
        <line num="81" count="6" type="stmt"/>
        <line num="82" count="6" type="stmt"/>
        <line num="87" count="6" type="stmt"/>
        <line num="88" count="6" type="stmt"/>
        <line num="89" count="6" type="stmt"/>
        <line num="90" count="6" type="stmt"/>
        <line num="93" count="106" type="stmt"/>
        <line num="94" count="4" type="stmt"/>
        <line num="95" count="4" type="stmt"/>
        <line num="96" count="4" type="stmt"/>
        <line num="99" count="106" type="stmt"/>
        <line num="101" count="106" type="stmt"/>
      </file>
    </package>
  </project>
</coverage>
