<?xml version="1.0" encoding="UTF-8"?>
<coverage generated="1668904185355" clover="3.2.0">
  <project timestamp="1668904185355" name="All files">
    <metrics statements="214" coveredstatements="214" conditionals="73" coveredconditionals="73" methods="49" coveredmethods="49" elements="336" coveredelements="336" complexity="0" loc="214" ncloc="214" packages="6" files="17" classes="17"/>
    <package name="components.Grid">
      <metrics statements="39" coveredstatements="39" conditionals="16" coveredconditionals="16" methods="13" coveredmethods="13"/>
      <file name="Cell.tsx" path="C:\Users\Frenzy\Desktop\evolved\ReactPlayground\minesweeper\src\components\Grid\Cell.tsx">
        <metrics statements="33" coveredstatements="33" conditionals="16" coveredconditionals="16" methods="9" coveredmethods="9"/>
        <line num="27" count="2" type="stmt"/>
        <line num="28" count="39" type="stmt"/>
        <line num="30" count="2" type="stmt"/>
        <line num="35" count="16" type="stmt"/>
        <line num="38" count="8" type="stmt"/>
        <line num="46" count="2" type="stmt"/>
        <line num="47" count="183" type="stmt"/>
        <line num="49" count="183" type="stmt"/>
        <line num="51" count="183" type="stmt"/>
        <line num="55" count="26" type="stmt"/>
        <line num="57" count="26" type="cond" truecount="2" falsecount="0"/>
        <line num="58" count="6" type="stmt"/>
        <line num="62" count="183" type="stmt"/>
        <line num="73" count="183" type="stmt"/>
        <line num="76" count="2" type="stmt"/>
        <line num="90" count="2" type="stmt"/>
        <line num="91" count="183" type="stmt"/>
        <line num="97" count="183" type="cond" truecount="5" falsecount="0"/>
        <line num="99" count="20" type="stmt"/>
        <line num="105" count="12" type="stmt"/>
        <line num="107" count="3" type="stmt"/>
        <line num="113" count="3" type="stmt"/>
        <line num="119" count="145" type="stmt"/>
        <line num="127" count="2" type="stmt"/>
        <line num="139" count="196" type="cond" truecount="2" falsecount="0"/>
        <line num="145" count="2" type="stmt"/>
        <line num="146" count="2" type="stmt"/>
        <line num="162" count="2" type="stmt"/>
        <line num="165" count="165" type="cond" truecount="2" falsecount="0"/>
        <line num="171" count="2" type="stmt"/>
        <line num="178" count="2" type="stmt"/>
        <line num="182" count="2" type="stmt"/>
        <line num="191" count="2" type="stmt"/>
      </file>
      <file name="Grid.tsx" path="C:\Users\Frenzy\Desktop\evolved\ReactPlayground\minesweeper\src\components\Grid\Grid.tsx">
        <metrics statements="6" coveredstatements="6" conditionals="0" coveredconditionals="0" methods="4" coveredmethods="4"/>
        <line num="23" count="1" type="stmt"/>
        <line num="24" count="1" type="stmt"/>
        <line num="26" count="12" type="stmt"/>
        <line num="27" count="144" type="stmt"/>
        <line num="39" count="1" type="stmt"/>
        <line num="41" count="1" type="stmt"/>
      </file>
    </package>
    <package name="components.Scoreboard">
      <metrics statements="18" coveredstatements="18" conditionals="2" coveredconditionals="2" methods="5" coveredmethods="5"/>
      <file name="Counter.tsx" path="C:\Users\Frenzy\Desktop\evolved\ReactPlayground\minesweeper\src\components\Scoreboard\Counter.tsx">
        <metrics statements="4" coveredstatements="4" conditionals="0" coveredconditionals="0" methods="1" coveredmethods="1"/>
        <line num="11" count="1" type="stmt"/>
        <line num="12" count="2" type="stmt"/>
        <line num="15" count="1" type="stmt"/>
        <line num="17" count="1" type="stmt"/>
      </file>
      <file name="Level.tsx" path="C:\Users\Frenzy\Desktop\evolved\ReactPlayground\minesweeper\src\components\Scoreboard\Level.tsx">
        <metrics statements="6" coveredstatements="6" conditionals="0" coveredconditionals="0" methods="2" coveredmethods="2"/>
        <line num="19" count="1" type="stmt"/>
        <line num="20" count="1" type="stmt"/>
        <line num="22" count="3" type="stmt"/>
        <line num="29" count="1" type="stmt"/>
        <line num="31" count="1" type="stmt"/>
        <line num="40" count="1" type="stmt"/>
      </file>
      <file name="Reset.tsx" path="C:\Users\Frenzy\Desktop\evolved\ReactPlayground\minesweeper\src\components\Scoreboard\Reset.tsx">
        <metrics statements="5" coveredstatements="5" conditionals="2" coveredconditionals="2" methods="1" coveredmethods="1"/>
        <line num="13" count="2" type="stmt"/>
        <line num="14" count="9" type="stmt"/>
        <line num="16" count="9" type="stmt"/>
        <line num="28" count="2" type="stmt"/>
        <line num="30" count="2" type="stmt"/>
      </file>
      <file name="Scoreboard.tsx" path="C:\Users\Frenzy\Desktop\evolved\ReactPlayground\minesweeper\src\components\Scoreboard\Scoreboard.tsx">
        <metrics statements="3" coveredstatements="3" conditionals="0" coveredconditionals="0" methods="1" coveredmethods="1"/>
        <line num="35" count="1" type="stmt"/>
        <line num="43" count="1" type="stmt"/>
        <line num="55" count="1" type="stmt"/>
      </file>
    </package>
    <package name="components.hooks">
      <metrics statements="5" coveredstatements="5" conditionals="0" coveredconditionals="0" methods="3" coveredmethods="3"/>
      <file name="useMouseDown.ts" path="C:\Users\Frenzy\Desktop\evolved\ReactPlayground\minesweeper\src\components\hooks\useMouseDown.ts">
        <metrics statements="5" coveredstatements="5" conditionals="0" coveredconditionals="0" methods="3" coveredmethods="3"/>
        <line num="6" count="5" type="stmt"/>
        <line num="11" count="196" type="stmt"/>
        <line num="13" count="196" type="stmt"/>
        <line num="14" count="196" type="stmt"/>
        <line num="16" count="196" type="stmt"/>
      </file>
    </package>
    <package name="core">
      <metrics statements="81" coveredstatements="81" conditionals="41" coveredconditionals="41" methods="9" coveredmethods="9"/>
      <file name="CellsManipulator.ts" path="C:\Users\Frenzy\Desktop\evolved\ReactPlayground\minesweeper\src\core\CellsManipulator.ts">
        <metrics statements="12" coveredstatements="12" conditionals="8" coveredconditionals="8" methods="3" coveredmethods="3"/>
        <line num="8" count="8" type="stmt"/>
        <line num="11" count="180" type="stmt"/>
        <line num="28" count="8" type="stmt"/>
        <line num="29" count="1431" type="cond" truecount="4" falsecount="0"/>
        <line num="37" count="8" type="stmt"/>
        <line num="38" count="40" type="stmt"/>
        <line num="40" count="40" type="stmt"/>
        <line num="41" count="320" type="cond" truecount="2" falsecount="0"/>
        <line num="42" count="231" type="stmt"/>
        <line num="43" count="231" type="cond" truecount="2" falsecount="0"/>
        <line num="44" count="195" type="stmt"/>
        <line num="49" count="40" type="stmt"/>
      </file>
      <file name="Field.ts" path="C:\Users\Frenzy\Desktop\evolved\ReactPlayground\minesweeper\src\core\Field.ts">
        <metrics statements="17" coveredstatements="17" conditionals="7" coveredconditionals="7" methods="3" coveredmethods="3"/>
        <line num="7" count="7" type="stmt"/>
        <line num="28" count="7" type="stmt"/>
        <line num="31" count="34" type="stmt"/>
        <line num="52" count="7" type="stmt"/>
        <line num="53" count="8" type="cond" truecount="4" falsecount="0"/>
        <line num="54" count="2" type="stmt"/>
        <line num="57" count="6" type="stmt"/>
        <line num="58" count="6" type="stmt"/>
        <line num="60" count="6" type="stmt"/>
        <line num="62" count="6" type="stmt"/>
        <line num="63" count="26" type="stmt"/>
        <line num="64" count="210" type="cond" truecount="2" falsecount="0"/>
        <line num="65" count="32" type="stmt"/>
        <line num="66" count="32" type="stmt"/>
        <line num="67" count="32" type="stmt"/>
        <line num="69" count="210" type="stmt"/>
        <line num="72" count="6" type="stmt"/>
      </file>
      <file name="detectSolvedPuzzle.ts" path="C:\Users\Frenzy\Desktop\evolved\ReactPlayground\minesweeper\src\core\detectSolvedPuzzle.ts">
        <metrics statements="21" coveredstatements="21" conditionals="11" coveredconditionals="11" methods="1" coveredmethods="1"/>
        <line num="9" count="4" type="stmt"/>
        <line num="13" count="1064" type="stmt"/>
        <line num="15" count="1064" type="stmt"/>
        <line num="16" count="1064" type="stmt"/>
        <line num="17" count="1064" type="stmt"/>
        <line num="18" count="1064" type="stmt"/>
        <line num="20" count="1064" type="stmt"/>
        <line num="21" count="9323" type="stmt"/>
        <line num="22" count="84579" type="stmt"/>
        <line num="23" count="84579" type="stmt"/>
        <line num="24" count="84579" type="stmt"/>
        <line num="26" count="84579" type="cond" truecount="2" falsecount="0"/>
        <line num="27" count="50141" type="stmt"/>
        <line num="30" count="84579" type="cond" truecount="2" falsecount="0"/>
        <line num="31" count="2746" type="stmt"/>
        <line num="34" count="84579" type="cond" truecount="2" falsecount="0"/>
        <line num="35" count="10758" type="stmt"/>
        <line num="37" count="10758" type="cond" truecount="2" falsecount="0"/>
        <line num="38" count="2652" type="stmt"/>
        <line num="45" count="1064" type="cond" truecount="3" falsecount="0"/>
        <line num="49" count="1064" type="stmt"/>
      </file>
      <file name="openCell.ts" path="C:\Users\Frenzy\Desktop\evolved\ReactPlayground\minesweeper\src\core\openCell.ts">
        <metrics statements="17" coveredstatements="17" conditionals="10" coveredconditionals="10" methods="1" coveredmethods="1"/>
        <line num="12" count="2" type="stmt"/>
        <line num="17" count="1012" type="stmt"/>
        <line num="19" count="1012" type="stmt"/>
        <line num="20" count="1012" type="stmt"/>
        <line num="21" count="1012" type="stmt"/>
        <line num="23" count="1012" type="cond" truecount="2" falsecount="0"/>
        <line num="24" count="2" type="stmt"/>
        <line num="27" count="1010" type="cond" truecount="2" falsecount="0"/>
        <line num="28" count="1" type="stmt"/>
        <line num="31" count="1009" type="stmt"/>
        <line num="33" count="1009" type="cond" truecount="4" falsecount="0"/>
        <line num="34" count="138" type="stmt"/>
        <line num="36" count="138" type="stmt"/>
        <line num="37" count="1104" type="cond" truecount="2" falsecount="0"/>
        <line num="38" count="852" type="stmt"/>
        <line num="43" count="1009" type="stmt"/>
        <line num="45" count="1009" type="stmt"/>
      </file>
      <file name="setFlag.ts" path="C:\Users\Frenzy\Desktop\evolved\ReactPlayground\minesweeper\src\core\setFlag.ts">
        <metrics statements="14" coveredstatements="14" conditionals="5" coveredconditionals="5" methods="1" coveredmethods="1"/>
        <line num="13" count="2" type="stmt"/>
        <line num="20" count="48" type="stmt"/>
        <line num="21" count="48" type="stmt"/>
        <line num="23" count="48" type="stmt"/>
        <line num="25" count="48" type="cond" truecount="3" falsecount="0"/>
        <line num="27" count="3" type="stmt"/>
        <line num="28" count="3" type="stmt"/>
        <line num="30" count="2" type="stmt"/>
        <line num="31" count="2" type="stmt"/>
        <line num="33" count="42" type="cond" truecount="2" falsecount="0"/>
        <line num="34" count="38" type="stmt"/>
        <line num="36" count="42" type="stmt"/>
        <line num="39" count="48" type="stmt"/>
        <line num="41" count="48" type="stmt"/>
      </file>
    </package>
    <package name="modules">
      <metrics statements="2" coveredstatements="2" conditionals="0" coveredconditionals="0" methods="0" coveredmethods="0"/>
      <file name="GameSettings.ts" path="C:\Users\Frenzy\Desktop\evolved\ReactPlayground\minesweeper\src\modules\GameSettings.ts">
        <metrics statements="2" coveredstatements="2" conditionals="0" coveredconditionals="0" methods="0" coveredmethods="0"/>
        <line num="1" count="2" type="stmt"/>
        <line num="7" count="2" type="stmt"/>
      </file>
    </package>
    <package name="modules.GameWithHooks">
      <metrics statements="69" coveredstatements="69" conditionals="14" coveredconditionals="14" methods="19" coveredmethods="19"/>
      <file name="useGame.ts" path="C:\Users\Frenzy\Desktop\evolved\ReactPlayground\minesweeper\src\modules\GameWithHooks\useGame.ts">
        <metrics statements="37" coveredstatements="37" conditionals="9" coveredconditionals="9" methods="6" coveredmethods="6"/>
        <line num="35" count="1" type="stmt"/>
        <line num="42" count="231" type="stmt"/>
        <line num="52" count="231" type="stmt"/>
        <line num="54" count="231" type="stmt"/>
        <line num="56" count="231" type="stmt"/>
        <line num="58" count="231" type="stmt"/>
        <line num="62" count="231" type="stmt"/>
        <line num="66" count="231" type="stmt"/>
        <line num="68" count="152" type="cond" truecount="2" falsecount="0"/>
        <line num="69" count="152" type="stmt"/>
        <line num="70" count="152" type="stmt"/>
        <line num="75" count="151" type="cond" truecount="2" falsecount="0"/>
        <line num="76" count="1" type="stmt"/>
        <line num="78" count="151" type="stmt"/>
        <line num="80" count="1" type="stmt"/>
        <line num="81" count="1" type="stmt"/>
        <line num="95" count="231" type="stmt"/>
        <line num="97" count="37" type="cond" truecount="2" falsecount="0"/>
        <line num="98" count="37" type="stmt"/>
        <line num="105" count="37" type="stmt"/>
        <line num="106" count="37" type="cond" truecount="2" falsecount="0"/>
        <line num="107" count="1" type="stmt"/>
        <line num="109" count="37" type="stmt"/>
        <line num="122" count="231" type="stmt"/>
        <line num="123" count="7" type="stmt"/>
        <line num="124" count="7" type="stmt"/>
        <line num="129" count="7" type="stmt"/>
        <line num="130" count="7" type="stmt"/>
        <line num="131" count="7" type="stmt"/>
        <line num="132" count="7" type="stmt"/>
        <line num="133" count="7" type="stmt"/>
        <line num="136" count="231" type="stmt"/>
        <line num="137" count="4" type="stmt"/>
        <line num="138" count="4" type="stmt"/>
        <line num="142" count="231" type="stmt"/>
        <line num="143" count="3" type="stmt"/>
        <line num="148" count="231" type="stmt"/>
      </file>
      <file name="useSettings.ts" path="C:\Users\Frenzy\Desktop\evolved\ReactPlayground\minesweeper\src\modules\GameWithHooks\useSettings.ts">
        <metrics statements="6" coveredstatements="6" conditionals="1" coveredconditionals="1" methods="2" coveredmethods="2"/>
        <line num="11" count="2" type="stmt"/>
        <line num="14" count="234" type="stmt"/>
        <line num="15" count="234" type="stmt"/>
        <line num="17" count="234" type="stmt"/>
        <line num="21" count="5" type="stmt"/>
        <line num="22" count="5" type="stmt"/>
      </file>
      <file name="useStatus.ts" path="C:\Users\Frenzy\Desktop\evolved\ReactPlayground\minesweeper\src\modules\GameWithHooks\useStatus.ts">
        <metrics statements="14" coveredstatements="14" conditionals="0" coveredconditionals="0" methods="6" coveredmethods="6"/>
        <line num="20" count="2" type="stmt"/>
        <line num="21" count="244" type="stmt"/>
        <line num="23" count="244" type="stmt"/>
        <line num="24" count="244" type="stmt"/>
        <line num="25" count="244" type="stmt"/>
        <line num="27" count="244" type="stmt"/>
        <line num="28" count="32" type="stmt"/>
        <line num="29" count="32" type="stmt"/>
        <line num="30" count="32" type="stmt"/>
        <line num="33" count="244" type="stmt"/>
        <line num="35" count="244" type="stmt"/>
        <line num="37" count="244" type="stmt"/>
        <line num="39" count="244" type="stmt"/>
        <line num="41" count="244" type="stmt"/>
      </file>
      <file name="useTime.ts" path="C:\Users\Frenzy\Desktop\evolved\ReactPlayground\minesweeper\src\modules\GameWithHooks\useTime.ts">
        <metrics statements="12" coveredstatements="12" conditionals="4" coveredconditionals="4" methods="5" coveredmethods="5"/>
        <line num="3" count="2" type="stmt"/>
        <line num="7" count="247" type="stmt"/>
        <line num="9" count="247" type="stmt"/>
        <line num="11" count="247" type="stmt"/>
        <line num="14" count="72" type="cond" truecount="2" falsecount="0"/>
        <line num="15" count="49" type="stmt"/>
        <line num="16" count="30" type="stmt"/>
        <line num="19" count="49" type="cond" truecount="2" falsecount="0"/>
        <line num="20" count="3" type="stmt"/>
        <line num="24" count="72" type="stmt"/>
        <line num="25" count="72" type="stmt"/>
        <line num="29" count="247" type="stmt"/>
      </file>
    </package>
  </project>
</coverage>
