{"C:\\Users\\Frenzy\\Desktop\\evolved\\ReactPlayground\\minesweeper\\src\\store.ts": {"path":"C:\\Users\\Frenzy\\Desktop\\evolved\\ReactPlayground\\minesweeper\\src\\store.ts","statementMap":{"0":{"start":{"line":5,"column":21},"end":{"line":9,"column":2}}},"fnMap":{},"branchMap":{},"s":{"0":3},"f":{},"b":{},"_coverageSchema":"1a1c01bbd47fc00a2c39e90264f33305004495a9","hash":"6172500ea73acb6b80655878455646aea3d4226e"}
,"C:\\Users\\Frenzy\\Desktop\\evolved\\ReactPlayground\\minesweeper\\src\\components\\Game\\GameArea.tsx": {"path":"C:\\Users\\Frenzy\\Desktop\\evolved\\ReactPlayground\\minesweeper\\src\\components\\Game\\GameArea.tsx","statementMap":{"0":{"start":{"line":11,"column":43},"end":{"line":13,"column":1}},"1":{"start":{"line":12,"column":2},"end":{"line":12,"column":27}},"2":{"start":{"line":15,"column":14},"end":{"line":22,"column":1}}},"fnMap":{"0":{"name":"(anonymous_0)","decl":{"start":{"line":11,"column":43},"end":{"line":11,"column":44}},"loc":{"start":{"line":12,"column":2},"end":{"line":12,"column":27}},"line":12}},"branchMap":{},"s":{"0":4,"1":2,"2":4},"f":{"0":2},"b":{},"_coverageSchema":"1a1c01bbd47fc00a2c39e90264f33305004495a9","hash":"90e6ce0e37f41a573c0a84f213b69a7bb752e3d5"}
,"C:\\Users\\Frenzy\\Desktop\\evolved\\ReactPlayground\\minesweeper\\src\\components\\Game\\GameLayout.tsx": {"path":"C:\\Users\\Frenzy\\Desktop\\evolved\\ReactPlayground\\minesweeper\\src\\components\\Game\\GameLayout.tsx","statementMap":{"0":{"start":{"line":17,"column":37},"end":{"line":22,"column":1}},"1":{"start":{"line":18,"column":2},"end":{"line":21,"column":12}}},"fnMap":{"0":{"name":"(anonymous_0)","decl":{"start":{"line":17,"column":37},"end":{"line":17,"column":38}},"loc":{"start":{"line":18,"column":2},"end":{"line":21,"column":12}},"line":18}},"branchMap":{},"s":{"0":4,"1":2},"f":{"0":2},"b":{},"_coverageSchema":"1a1c01bbd47fc00a2c39e90264f33305004495a9","hash":"83b9f0b67fc479d51cfe688e54499854ca5d9692"}
,"C:\\Users\\Frenzy\\Desktop\\evolved\\ReactPlayground\\minesweeper\\src\\components\\Game\\GameOver.tsx": {"path":"C:\\Users\\Frenzy\\Desktop\\evolved\\ReactPlayground\\minesweeper\\src\\components\\Game\\GameOver.tsx","statementMap":{"0":{"start":{"line":11,"column":43},"end":{"line":15,"column":1}},"1":{"start":{"line":12,"column":2},"end":{"line":14,"column":10}},"2":{"start":{"line":24,"column":14},"end":{"line":41,"column":1}}},"fnMap":{"0":{"name":"(anonymous_0)","decl":{"start":{"line":11,"column":43},"end":{"line":11,"column":44}},"loc":{"start":{"line":12,"column":2},"end":{"line":14,"column":10}},"line":12}},"branchMap":{"0":{"loc":{"start":{"line":13,"column":5},"end":{"line":13,"column":24}},"type":"cond-expr","locations":[{"start":{"line":13,"column":13},"end":{"line":13,"column":17}},{"start":{"line":13,"column":20},"end":{"line":13,"column":24}}],"line":13}},"s":{"0":4,"1":0,"2":4},"f":{"0":0},"b":{"0":[0,0]},"_coverageSchema":"1a1c01bbd47fc00a2c39e90264f33305004495a9","hash":"441863080857b623c63a695ab9e3a0b47880103c"}
,"C:\\Users\\Frenzy\\Desktop\\evolved\\ReactPlayground\\minesweeper\\src\\components\\Game\\Wrapper.tsx": {"path":"C:\\Users\\Frenzy\\Desktop\\evolved\\ReactPlayground\\minesweeper\\src\\components\\Game\\Wrapper.tsx","statementMap":{"0":{"start":{"line":7,"column":34},"end":{"line":7,"column":77}},"1":{"start":{"line":7,"column":52},"end":{"line":7,"column":77}},"2":{"start":{"line":9,"column":14},"end":{"line":15,"column":1}}},"fnMap":{"0":{"name":"(anonymous_0)","decl":{"start":{"line":7,"column":34},"end":{"line":7,"column":35}},"loc":{"start":{"line":7,"column":52},"end":{"line":7,"column":77}},"line":7}},"branchMap":{},"s":{"0":4,"1":2,"2":4},"f":{"0":2},"b":{},"_coverageSchema":"1a1c01bbd47fc00a2c39e90264f33305004495a9","hash":"1cbaee274c08396defb5ce573bd44f9aee24f044"}
,"C:\\Users\\Frenzy\\Desktop\\evolved\\ReactPlayground\\minesweeper\\src\\components\\Game\\index.ts": {"path":"C:\\Users\\Frenzy\\Desktop\\evolved\\ReactPlayground\\minesweeper\\src\\components\\Game\\index.ts","statementMap":{},"fnMap":{},"branchMap":{},"s":{},"f":{},"b":{},"_coverageSchema":"1a1c01bbd47fc00a2c39e90264f33305004495a9","hash":"7ae0bcc04affc702c2d4212e9da8cbbeff0d56b5"}
,"C:\\Users\\Frenzy\\Desktop\\evolved\\ReactPlayground\\minesweeper\\src\\components\\Grid\\Cell.tsx": {"path":"C:\\Users\\Frenzy\\Desktop\\evolved\\ReactPlayground\\minesweeper\\src\\components\\Grid\\Cell.tsx","statementMap":{"0":{"start":{"line":27,"column":28},"end":{"line":28,"column":71}},"1":{"start":{"line":28,"column":2},"end":{"line":28,"column":71}},"2":{"start":{"line":30,"column":24},"end":{"line":44,"column":1}},"3":{"start":{"line":35,"column":4},"end":{"line":36,"column":19}},"4":{"start":{"line":35,"column":44},"end":{"line":35,"column":75}},"5":{"start":{"line":38,"column":2},"end":{"line":43,"column":4}},"6":{"start":{"line":46,"column":35},"end":{"line":74,"column":12}},"7":{"start":{"line":47,"column":46},"end":{"line":47,"column":60}},"8":{"start":{"line":49,"column":18},"end":{"line":49,"column":44}},"9":{"start":{"line":49,"column":24},"end":{"line":49,"column":44}},"10":{"start":{"line":51,"column":24},"end":{"line":60,"column":3}},"11":{"start":{"line":55,"column":4},"end":{"line":55,"column":27}},"12":{"start":{"line":57,"column":4},"end":{"line":59,"column":5}},"13":{"start":{"line":58,"column":6},"end":{"line":58,"column":33}},"14":{"start":{"line":62,"column":16},"end":{"line":71,"column":3}},"15":{"start":{"line":73,"column":2},"end":{"line":73,"column":62}},"16":{"start":{"line":76,"column":0},"end":{"line":76,"column":26}},"17":{"start":{"line":90,"column":46},"end":{"line":121,"column":1}},"18":{"start":{"line":91,"column":29},"end":{"line":95,"column":3}},"19":{"start":{"line":97,"column":2},"end":{"line":120,"column":3}},"20":{"start":{"line":99,"column":6},"end":{"line":103,"column":8}},"21":{"start":{"line":105,"column":6},"end":{"line":105,"column":61}},"22":{"start":{"line":107,"column":6},"end":{"line":111,"column":8}},"23":{"start":{"line":113,"column":6},"end":{"line":117,"column":8}},"24":{"start":{"line":119,"column":6},"end":{"line":119,"column":79}},"25":{"start":{"line":127,"column":27},"end":{"line":143,"column":1}},"26":{"start":{"line":139,"column":4},"end":{"line":139,"column":61}},"27":{"start":{"line":145,"column":20},"end":{"line":145,"column":35}},"28":{"start":{"line":146,"column":46},"end":{"line":160,"column":1}},"29":{"start":{"line":162,"column":22},"end":{"line":169,"column":1}},"30":{"start":{"line":165,"column":29},"end":{"line":165,"column":72}},"31":{"start":{"line":171,"column":13},"end":{"line":176,"column":1}},"32":{"start":{"line":178,"column":18},"end":{"line":180,"column":1}},"33":{"start":{"line":182,"column":13},"end":{"line":189,"column":1}},"34":{"start":{"line":191,"column":17},"end":{"line":193,"column":1}}},"fnMap":{"0":{"name":"(anonymous_0)","decl":{"start":{"line":27,"column":28},"end":{"line":27,"column":29}},"loc":{"start":{"line":28,"column":2},"end":{"line":28,"column":71}},"line":28},"1":{"name":"(anonymous_1)","decl":{"start":{"line":30,"column":24},"end":{"line":30,"column":25}},"loc":{"start":{"line":33,"column":14},"end":{"line":44,"column":1}},"line":33},"2":{"name":"(anonymous_2)","decl":{"start":{"line":35,"column":28},"end":{"line":35,"column":29}},"loc":{"start":{"line":35,"column":44},"end":{"line":35,"column":75}},"line":35},"3":{"name":"(anonymous_3)","decl":{"start":{"line":46,"column":40},"end":{"line":46,"column":41}},"loc":{"start":{"line":46,"column":75},"end":{"line":74,"column":1}},"line":46},"4":{"name":"(anonymous_4)","decl":{"start":{"line":49,"column":18},"end":{"line":49,"column":19}},"loc":{"start":{"line":49,"column":24},"end":{"line":49,"column":44}},"line":49},"5":{"name":"(anonymous_5)","decl":{"start":{"line":51,"column":24},"end":{"line":51,"column":25}},"loc":{"start":{"line":51,"column":69},"end":{"line":60,"column":3}},"line":51},"6":{"name":"(anonymous_6)","decl":{"start":{"line":90,"column":46},"end":{"line":90,"column":47}},"loc":{"start":{"line":90,"column":73},"end":{"line":121,"column":1}},"line":90},"7":{"name":"(anonymous_7)","decl":{"start":{"line":138,"column":18},"end":{"line":138,"column":19}},"loc":{"start":{"line":139,"column":4},"end":{"line":139,"column":61}},"line":139},"8":{"name":"(anonymous_8)","decl":{"start":{"line":165,"column":11},"end":{"line":165,"column":12}},"loc":{"start":{"line":165,"column":29},"end":{"line":165,"column":72}},"line":165}},"branchMap":{"0":{"loc":{"start":{"line":39,"column":4},"end":{"line":42,"column":55}},"type":"binary-expr","locations":[{"start":{"line":39,"column":4},"end":{"line":39,"column":45}},{"start":{"line":40,"column":4},"end":{"line":40,"column":18}},{"start":{"line":41,"column":4},"end":{"line":41,"column":43}},{"start":{"line":42,"column":4},"end":{"line":42,"column":55}}],"line":39},"1":{"loc":{"start":{"line":57,"column":4},"end":{"line":59,"column":5}},"type":"if","locations":[{"start":{"line":57,"column":4},"end":{"line":59,"column":5}},{"start":{},"end":{}}],"line":57},"2":{"loc":{"start":{"line":97,"column":2},"end":{"line":120,"column":3}},"type":"switch","locations":[{"start":{"line":98,"column":4},"end":{"line":103,"column":8}},{"start":{"line":104,"column":4},"end":{"line":105,"column":61}},{"start":{"line":106,"column":4},"end":{"line":111,"column":8}},{"start":{"line":112,"column":4},"end":{"line":117,"column":8}},{"start":{"line":118,"column":4},"end":{"line":119,"column":79}}],"line":97},"3":{"loc":{"start":{"line":138,"column":21},"end":{"line":138,"column":38}},"type":"default-arg","locations":[{"start":{"line":138,"column":33},"end":{"line":138,"column":38}}],"line":138},"4":{"loc":{"start":{"line":139,"column":4},"end":{"line":139,"column":61}},"type":"cond-expr","locations":[{"start":{"line":139,"column":16},"end":{"line":139,"column":29}},{"start":{"line":139,"column":32},"end":{"line":139,"column":61}}],"line":139},"5":{"loc":{"start":{"line":165,"column":29},"end":{"line":165,"column":72}},"type":"binary-expr","locations":[{"start":{"line":165,"column":29},"end":{"line":165,"column":57}},{"start":{"line":165,"column":61},"end":{"line":165,"column":72}}],"line":165}},"s":{"0":6,"1":39,"2":6,"3":8,"4":16,"5":8,"6":6,"7":507,"8":507,"9":3,"10":507,"11":26,"12":26,"13":6,"14":507,"15":507,"16":6,"17":6,"18":507,"19":507,"20":20,"21":336,"22":3,"23":3,"24":145,"25":6,"26":520,"27":6,"28":6,"29":6,"30":165,"31":6,"32":6,"33":6,"34":6},"f":{"0":39,"1":8,"2":16,"3":507,"4":3,"5":26,"6":507,"7":520,"8":165},"b":{"0":[8,7,3,2],"1":[6,20],"2":[20,336,3,3,145],"3":[165],"4":[13,507],"5":[165,20]},"_coverageSchema":"1a1c01bbd47fc00a2c39e90264f33305004495a9","hash":"d9b6aaf2b9c1bf1013e91b0a58724ac334c995a6"}
,"C:\\Users\\Frenzy\\Desktop\\evolved\\ReactPlayground\\minesweeper\\src\\components\\Grid\\Grid.tsx": {"path":"C:\\Users\\Frenzy\\Desktop\\evolved\\ReactPlayground\\minesweeper\\src\\components\\Grid\\Grid.tsx","statementMap":{"0":{"start":{"line":23,"column":35},"end":{"line":33,"column":1}},"1":{"start":{"line":24,"column":2},"end":{"line":32,"column":12}},"2":{"start":{"line":26,"column":6},"end":{"line":30,"column":8}},"3":{"start":{"line":27,"column":8},"end":{"line":29,"column":15}},"4":{"start":{"line":39,"column":16},"end":{"line":44,"column":1}},"5":{"start":{"line":41,"column":48},"end":{"line":41,"column":52}}},"fnMap":{"0":{"name":"(anonymous_0)","decl":{"start":{"line":23,"column":35},"end":{"line":23,"column":36}},"loc":{"start":{"line":24,"column":2},"end":{"line":32,"column":12}},"line":24},"1":{"name":"(anonymous_1)","decl":{"start":{"line":25,"column":18},"end":{"line":25,"column":19}},"loc":{"start":{"line":26,"column":6},"end":{"line":30,"column":8}},"line":26},"2":{"name":"(anonymous_2)","decl":{"start":{"line":26,"column":14},"end":{"line":26,"column":15}},"loc":{"start":{"line":27,"column":8},"end":{"line":29,"column":15}},"line":27},"3":{"name":"(anonymous_3)","decl":{"start":{"line":41,"column":34},"end":{"line":41,"column":35}},"loc":{"start":{"line":41,"column":48},"end":{"line":41,"column":52}},"line":41}},"branchMap":{},"s":{"0":5,"1":5,"2":48,"3":468,"4":5,"5":5},"f":{"0":5,"1":48,"2":468,"3":5},"b":{},"_coverageSchema":"1a1c01bbd47fc00a2c39e90264f33305004495a9","hash":"79cf9c4e8956cc319f6631ea32d781589cec863f"}
,"C:\\Users\\Frenzy\\Desktop\\evolved\\ReactPlayground\\minesweeper\\src\\components\\Grid\\index.ts": {"path":"C:\\Users\\Frenzy\\Desktop\\evolved\\ReactPlayground\\minesweeper\\src\\components\\Grid\\index.ts","statementMap":{},"fnMap":{},"branchMap":{},"s":{},"f":{},"b":{},"_coverageSchema":"1a1c01bbd47fc00a2c39e90264f33305004495a9","hash":"d3c405beedf6fff51cb163e1541bbd3baeb1c0bd"}
,"C:\\Users\\Frenzy\\Desktop\\evolved\\ReactPlayground\\minesweeper\\src\\components\\Scoreboard\\Counter.tsx": {"path":"C:\\Users\\Frenzy\\Desktop\\evolved\\ReactPlayground\\minesweeper\\src\\components\\Scoreboard\\Counter.tsx","statementMap":{"0":{"start":{"line":11,"column":41},"end":{"line":13,"column":2}},"1":{"start":{"line":12,"column":2},"end":{"line":12,"column":27}},"2":{"start":{"line":15,"column":0},"end":{"line":15,"column":32}},"3":{"start":{"line":17,"column":14},"end":{"line":26,"column":1}}},"fnMap":{"0":{"name":"(anonymous_0)","decl":{"start":{"line":11,"column":46},"end":{"line":11,"column":47}},"loc":{"start":{"line":12,"column":2},"end":{"line":12,"column":27}},"line":12}},"branchMap":{},"s":{"0":5,"1":8,"2":5,"3":5},"f":{"0":8},"b":{},"_coverageSchema":"1a1c01bbd47fc00a2c39e90264f33305004495a9","hash":"2484462c0b023773b7ae254520a2501f38079306"}
,"C:\\Users\\Frenzy\\Desktop\\evolved\\ReactPlayground\\minesweeper\\src\\components\\Scoreboard\\Level.tsx": {"path":"C:\\Users\\Frenzy\\Desktop\\evolved\\ReactPlayground\\minesweeper\\src\\components\\Scoreboard\\Level.tsx","statementMap":{"0":{"start":{"line":19,"column":37},"end":{"line":27,"column":2}},"1":{"start":{"line":20,"column":2},"end":{"line":26,"column":11}},"2":{"start":{"line":22,"column":6},"end":{"line":24,"column":15}},"3":{"start":{"line":29,"column":0},"end":{"line":29,"column":28}},"4":{"start":{"line":31,"column":15},"end":{"line":38,"column":1}},"5":{"start":{"line":40,"column":15},"end":{"line":46,"column":1}}},"fnMap":{"0":{"name":"(anonymous_0)","decl":{"start":{"line":19,"column":42},"end":{"line":19,"column":43}},"loc":{"start":{"line":20,"column":2},"end":{"line":26,"column":11}},"line":20},"1":{"name":"(anonymous_1)","decl":{"start":{"line":21,"column":18},"end":{"line":21,"column":19}},"loc":{"start":{"line":22,"column":6},"end":{"line":24,"column":15}},"line":22}},"branchMap":{},"s":{"0":5,"1":4,"2":12,"3":5,"4":5,"5":5},"f":{"0":4,"1":12},"b":{},"_coverageSchema":"1a1c01bbd47fc00a2c39e90264f33305004495a9","hash":"73badd37ac7402fb89e9887e78ba21e91ae5c67b"}
,"C:\\Users\\Frenzy\\Desktop\\evolved\\ReactPlayground\\minesweeper\\src\\components\\Scoreboard\\Reset.tsx": {"path":"C:\\Users\\Frenzy\\Desktop\\evolved\\ReactPlayground\\minesweeper\\src\\components\\Scoreboard\\Reset.tsx","statementMap":{"0":{"start":{"line":13,"column":37},"end":{"line":26,"column":2}},"1":{"start":{"line":14,"column":46},"end":{"line":14,"column":60}},"2":{"start":{"line":16,"column":2},"end":{"line":25,"column":4}},"3":{"start":{"line":28,"column":0},"end":{"line":28,"column":28}},"4":{"start":{"line":30,"column":15},"end":{"line":39,"column":1}}},"fnMap":{"0":{"name":"(anonymous_0)","decl":{"start":{"line":13,"column":42},"end":{"line":13,"column":43}},"loc":{"start":{"line":13,"column":59},"end":{"line":26,"column":1}},"line":13}},"branchMap":{"0":{"loc":{"start":{"line":23,"column":7},"end":{"line":23,"column":30}},"type":"cond-expr","locations":[{"start":{"line":23,"column":19},"end":{"line":23,"column":23}},{"start":{"line":23,"column":26},"end":{"line":23,"column":30}}],"line":23}},"s":{"0":6,"1":12,"2":12,"3":6,"4":6},"f":{"0":12},"b":{"0":[2,10]},"_coverageSchema":"1a1c01bbd47fc00a2c39e90264f33305004495a9","hash":"44531613fb37dd8cee191e673c134af28d311af8"}
,"C:\\Users\\Frenzy\\Desktop\\evolved\\ReactPlayground\\minesweeper\\src\\components\\Scoreboard\\Scoreboard.tsx": {"path":"C:\\Users\\Frenzy\\Desktop\\evolved\\ReactPlayground\\minesweeper\\src\\components\\Scoreboard\\Scoreboard.tsx","statementMap":{"0":{"start":{"line":35,"column":47},"end":{"line":53,"column":1}},"1":{"start":{"line":43,"column":2},"end":{"line":52,"column":12}},"2":{"start":{"line":55,"column":16},"end":{"line":59,"column":1}}},"fnMap":{"0":{"name":"(anonymous_0)","decl":{"start":{"line":35,"column":47},"end":{"line":35,"column":48}},"loc":{"start":{"line":43,"column":2},"end":{"line":52,"column":12}},"line":43}},"branchMap":{},"s":{"0":5,"1":4,"2":5},"f":{"0":4},"b":{},"_coverageSchema":"1a1c01bbd47fc00a2c39e90264f33305004495a9","hash":"30e3cc2289265ebe342086193c8a91ecaeb7c868"}
,"C:\\Users\\Frenzy\\Desktop\\evolved\\ReactPlayground\\minesweeper\\src\\components\\Scoreboard\\index.ts": {"path":"C:\\Users\\Frenzy\\Desktop\\evolved\\ReactPlayground\\minesweeper\\src\\components\\Scoreboard\\index.ts","statementMap":{},"fnMap":{},"branchMap":{},"s":{},"f":{},"b":{},"_coverageSchema":"1a1c01bbd47fc00a2c39e90264f33305004495a9","hash":"b1048786cbb157c5a749ba5f19459ed4d01b6199"}
,"C:\\Users\\Frenzy\\Desktop\\evolved\\ReactPlayground\\minesweeper\\src\\components\\Top\\GameName.tsx": {"path":"C:\\Users\\Frenzy\\Desktop\\evolved\\ReactPlayground\\minesweeper\\src\\components\\Top\\GameName.tsx","statementMap":{"0":{"start":{"line":10,"column":24},"end":{"line":12,"column":1}}},"fnMap":{},"branchMap":{},"s":{"0":2},"f":{},"b":{},"_coverageSchema":"1a1c01bbd47fc00a2c39e90264f33305004495a9","hash":"8915389656a515cdf422403ddfb963736301092f"}
,"C:\\Users\\Frenzy\\Desktop\\evolved\\ReactPlayground\\minesweeper\\src\\components\\Top\\Legend.tsx": {"path":"C:\\Users\\Frenzy\\Desktop\\evolved\\ReactPlayground\\minesweeper\\src\\components\\Top\\Legend.tsx","statementMap":{"0":{"start":{"line":19,"column":39},"end":{"line":31,"column":1}},"1":{"start":{"line":24,"column":2},"end":{"line":30,"column":11}},"2":{"start":{"line":33,"column":24},"end":{"line":35,"column":1}},"3":{"start":{"line":37,"column":15},"end":{"line":41,"column":1}},"4":{"start":{"line":43,"column":20},"end":{"line":45,"column":1}},"5":{"start":{"line":47,"column":21},"end":{"line":49,"column":1}}},"fnMap":{"0":{"name":"(anonymous_0)","decl":{"start":{"line":19,"column":39},"end":{"line":19,"column":40}},"loc":{"start":{"line":24,"column":2},"end":{"line":30,"column":11}},"line":24}},"branchMap":{"0":{"loc":{"start":{"line":28,"column":7},"end":{"line":28,"column":69}},"type":"binary-expr","locations":[{"start":{"line":28,"column":7},"end":{"line":28,"column":19}},{"start":{"line":28,"column":23},"end":{"line":28,"column":69}}],"line":28}},"s":{"0":2,"1":2,"2":2,"3":2,"4":2,"5":2},"f":{"0":2},"b":{"0":[2,0]},"_coverageSchema":"1a1c01bbd47fc00a2c39e90264f33305004495a9","hash":"6a578c55d397b4c0e29cda5304c9a00f5b4219bf"}
,"C:\\Users\\Frenzy\\Desktop\\evolved\\ReactPlayground\\minesweeper\\src\\components\\Top\\Top.tsx": {"path":"C:\\Users\\Frenzy\\Desktop\\evolved\\ReactPlayground\\minesweeper\\src\\components\\Top\\Top.tsx","statementMap":{"0":{"start":{"line":9,"column":41},"end":{"line":16,"column":1}},"1":{"start":{"line":11,"column":4},"end":{"line":14,"column":13}},"2":{"start":{"line":18,"column":0},"end":{"line":18,"column":24}},"3":{"start":{"line":20,"column":15},"end":{"line":24,"column":1}}},"fnMap":{"0":{"name":"(anonymous_0)","decl":{"start":{"line":10,"column":2},"end":{"line":10,"column":3}},"loc":{"start":{"line":11,"column":4},"end":{"line":14,"column":13}},"line":11}},"branchMap":{},"s":{"0":2,"1":2,"2":2,"3":2},"f":{"0":2},"b":{},"_coverageSchema":"1a1c01bbd47fc00a2c39e90264f33305004495a9","hash":"c62c0607d3d0676d61b66d282ad8a063c1307c3d"}
,"C:\\Users\\Frenzy\\Desktop\\evolved\\ReactPlayground\\minesweeper\\src\\components\\Top\\index.tsx": {"path":"C:\\Users\\Frenzy\\Desktop\\evolved\\ReactPlayground\\minesweeper\\src\\components\\Top\\index.tsx","statementMap":{},"fnMap":{},"branchMap":{},"s":{},"f":{},"b":{},"_coverageSchema":"1a1c01bbd47fc00a2c39e90264f33305004495a9","hash":"c3e38bc8ea189394f93dd3f3ea738af55b24d774"}
,"C:\\Users\\Frenzy\\Desktop\\evolved\\ReactPlayground\\minesweeper\\src\\components\\hooks\\useMouseDown.ts": {"path":"C:\\Users\\Frenzy\\Desktop\\evolved\\ReactPlayground\\minesweeper\\src\\components\\hooks\\useMouseDown.ts","statementMap":{"0":{"start":{"line":6,"column":28},"end":{"line":17,"column":1}},"1":{"start":{"line":11,"column":36},"end":{"line":11,"column":51}},"2":{"start":{"line":13,"column":22},"end":{"line":13,"column":46}},"3":{"start":{"line":13,"column":28},"end":{"line":13,"column":46}},"4":{"start":{"line":14,"column":20},"end":{"line":14,"column":45}},"5":{"start":{"line":14,"column":26},"end":{"line":14,"column":45}},"6":{"start":{"line":16,"column":2},"end":{"line":16,"column":45}}},"fnMap":{"0":{"name":"(anonymous_0)","decl":{"start":{"line":6,"column":28},"end":{"line":6,"column":29}},"loc":{"start":{"line":10,"column":5},"end":{"line":17,"column":1}},"line":10},"1":{"name":"(anonymous_1)","decl":{"start":{"line":13,"column":22},"end":{"line":13,"column":23}},"loc":{"start":{"line":13,"column":28},"end":{"line":13,"column":46}},"line":13},"2":{"name":"(anonymous_2)","decl":{"start":{"line":14,"column":20},"end":{"line":14,"column":21}},"loc":{"start":{"line":14,"column":26},"end":{"line":14,"column":45}},"line":14}},"branchMap":{},"s":{"0":9,"1":523,"2":523,"3":4,"4":523,"5":3,"6":523},"f":{"0":523,"1":4,"2":3},"b":{},"_coverageSchema":"1a1c01bbd47fc00a2c39e90264f33305004495a9","hash":"78bd2d5ecc013cd33149a2b1af432291c6b32665"}
,"C:\\Users\\Frenzy\\Desktop\\evolved\\ReactPlayground\\minesweeper\\src\\core\\CellsManipulator.ts": {"path":"C:\\Users\\Frenzy\\Desktop\\evolved\\ReactPlayground\\minesweeper\\src\\core\\CellsManipulator.ts","statementMap":{"0":{"start":{"line":8,"column":33},"end":{"line":20,"column":2}},"1":{"start":{"line":11,"column":6},"end":{"line":20,"column":1}},"2":{"start":{"line":28,"column":32},"end":{"line":29,"column":54}},"3":{"start":{"line":29,"column":2},"end":{"line":29,"column":54}},"4":{"start":{"line":37,"column":33},"end":{"line":50,"column":1}},"5":{"start":{"line":38,"column":16},"end":{"line":38,"column":41}},"6":{"start":{"line":40,"column":2},"end":{"line":47,"column":3}},"7":{"start":{"line":41,"column":4},"end":{"line":46,"column":5}},"8":{"start":{"line":42,"column":19},"end":{"line":42,"column":30}},"9":{"start":{"line":43,"column":6},"end":{"line":45,"column":7}},"10":{"start":{"line":44,"column":8},"end":{"line":44,"column":41}},"11":{"start":{"line":49,"column":2},"end":{"line":49,"column":15}}},"fnMap":{"0":{"name":"(anonymous_0)","decl":{"start":{"line":8,"column":33},"end":{"line":8,"column":34}},"loc":{"start":{"line":11,"column":6},"end":{"line":20,"column":1}},"line":11},"1":{"name":"(anonymous_1)","decl":{"start":{"line":28,"column":32},"end":{"line":28,"column":33}},"loc":{"start":{"line":29,"column":2},"end":{"line":29,"column":54}},"line":29},"2":{"name":"(anonymous_2)","decl":{"start":{"line":37,"column":33},"end":{"line":37,"column":34}},"loc":{"start":{"line":37,"column":74},"end":{"line":50,"column":1}},"line":37}},"branchMap":{"0":{"loc":{"start":{"line":29,"column":2},"end":{"line":29,"column":54}},"type":"binary-expr","locations":[{"start":{"line":29,"column":2},"end":{"line":29,"column":8}},{"start":{"line":29,"column":12},"end":{"line":29,"column":18}},{"start":{"line":29,"column":22},"end":{"line":29,"column":36}},{"start":{"line":29,"column":40},"end":{"line":29,"column":54}}],"line":29},"1":{"loc":{"start":{"line":41,"column":4},"end":{"line":46,"column":5}},"type":"if","locations":[{"start":{"line":41,"column":4},"end":{"line":46,"column":5}},{"start":{},"end":{}}],"line":41},"2":{"loc":{"start":{"line":43,"column":6},"end":{"line":45,"column":7}},"type":"if","locations":[{"start":{"line":43,"column":6},"end":{"line":45,"column":7}},{"start":{},"end":{}}],"line":43}},"s":{"0":13,"1":284,"2":13,"3":2263,"4":13,"5":144,"6":144,"7":1152,"8":990,"9":990,"10":902,"11":144},"f":{"0":284,"1":2263,"2":144},"b":{"0":[2263,2109,1976,1892],"1":[990,162],"2":[902,88]},"_coverageSchema":"1a1c01bbd47fc00a2c39e90264f33305004495a9","hash":"5f09f5256e79b4afdffe8c332b290adc150e1220"}
,"C:\\Users\\Frenzy\\Desktop\\evolved\\ReactPlayground\\minesweeper\\src\\core\\Field.ts": {"path":"C:\\Users\\Frenzy\\Desktop\\evolved\\ReactPlayground\\minesweeper\\src\\core\\Field.ts","statementMap":{"0":{"start":{"line":7,"column":47},"end":{"line":13,"column":1}},"1":{"start":{"line":28,"column":45},"end":{"line":31,"column":77}},"2":{"start":{"line":31,"column":12},"end":{"line":31,"column":77}},"3":{"start":{"line":31,"column":49},"end":{"line":31,"column":76}},"4":{"start":{"line":52,"column":30},"end":{"line":73,"column":1}},"5":{"start":{"line":53,"column":2},"end":{"line":55,"column":3}},"6":{"start":{"line":54,"column":4},"end":{"line":54,"column":59}},"7":{"start":{"line":57,"column":25},"end":{"line":57,"column":36}},"8":{"start":{"line":58,"column":27},"end":{"line":58,"column":57}},"9":{"start":{"line":60,"column":24},"end":{"line":60,"column":59}},"10":{"start":{"line":62,"column":2},"end":{"line":71,"column":3}},"11":{"start":{"line":62,"column":15},"end":{"line":62,"column":16}},"12":{"start":{"line":63,"column":4},"end":{"line":70,"column":5}},"13":{"start":{"line":63,"column":17},"end":{"line":63,"column":18}},"14":{"start":{"line":64,"column":6},"end":{"line":68,"column":7}},"15":{"start":{"line":65,"column":8},"end":{"line":65,"column":38}},"16":{"start":{"line":66,"column":8},"end":{"line":66,"column":42}},"17":{"start":{"line":67,"column":8},"end":{"line":67,"column":29}},"18":{"start":{"line":69,"column":6},"end":{"line":69,"column":25}},"19":{"start":{"line":72,"column":2},"end":{"line":72,"column":16}}},"fnMap":{"0":{"name":"(anonymous_0)","decl":{"start":{"line":28,"column":45},"end":{"line":28,"column":46}},"loc":{"start":{"line":31,"column":12},"end":{"line":31,"column":77}},"line":31},"1":{"name":"(anonymous_1)","decl":{"start":{"line":31,"column":43},"end":{"line":31,"column":44}},"loc":{"start":{"line":31,"column":49},"end":{"line":31,"column":76}},"line":31},"2":{"name":"(anonymous_2)","decl":{"start":{"line":52,"column":30},"end":{"line":52,"column":31}},"loc":{"start":{"line":52,"column":76},"end":{"line":73,"column":1}},"line":52}},"branchMap":{"0":{"loc":{"start":{"line":30,"column":2},"end":{"line":30,"column":31}},"type":"default-arg","locations":[{"start":{"line":30,"column":16},"end":{"line":30,"column":31}}],"line":30},"1":{"loc":{"start":{"line":53,"column":2},"end":{"line":55,"column":3}},"type":"if","locations":[{"start":{"line":53,"column":2},"end":{"line":55,"column":3}},{"start":{},"end":{}}],"line":53},"2":{"loc":{"start":{"line":53,"column":6},"end":{"line":53,"column":40}},"type":"binary-expr","locations":[{"start":{"line":53,"column":6},"end":{"line":53,"column":21}},{"start":{"line":53,"column":25},"end":{"line":53,"column":40}}],"line":53},"3":{"loc":{"start":{"line":64,"column":6},"end":{"line":68,"column":7}},"type":"if","locations":[{"start":{"line":64,"column":6},"end":{"line":68,"column":7}},{"start":{},"end":{}}],"line":64}},"s":{"0":11,"1":11,"2":23,"3":174,"4":11,"5":15,"6":2,"7":13,"8":13,"9":13,"10":13,"11":13,"12":96,"13":96,"14":952,"15":136,"16":136,"17":136,"18":952,"19":13},"f":{"0":23,"1":174,"2":15},"b":{"0":[15],"1":[2,13],"2":[15,14],"3":[136,816]},"_coverageSchema":"1a1c01bbd47fc00a2c39e90264f33305004495a9","hash":"de464f5099da49b3112f41597e0969534322494c"}
,"C:\\Users\\Frenzy\\Desktop\\evolved\\ReactPlayground\\minesweeper\\src\\core\\copyField.ts": {"path":"C:\\Users\\Frenzy\\Desktop\\evolved\\ReactPlayground\\minesweeper\\src\\core\\copyField.ts","statementMap":{"0":{"start":{"line":3,"column":25},"end":{"line":3,"column":78}},"1":{"start":{"line":3,"column":50},"end":{"line":3,"column":78}},"2":{"start":{"line":3,"column":69},"end":{"line":3,"column":77}}},"fnMap":{"0":{"name":"(anonymous_0)","decl":{"start":{"line":3,"column":25},"end":{"line":3,"column":26}},"loc":{"start":{"line":3,"column":50},"end":{"line":3,"column":78}},"line":3},"1":{"name":"(anonymous_1)","decl":{"start":{"line":3,"column":60},"end":{"line":3,"column":61}},"loc":{"start":{"line":3,"column":69},"end":{"line":3,"column":77}},"line":3}},"branchMap":{},"s":{"0":9,"1":223,"2":1820},"f":{"0":223,"1":1820},"b":{},"_coverageSchema":"1a1c01bbd47fc00a2c39e90264f33305004495a9","hash":"1bdbb828b1759efe56647e5864d7ad405c05b0fe"}
,"C:\\Users\\Frenzy\\Desktop\\evolved\\ReactPlayground\\minesweeper\\src\\core\\detectSolvedPuzzle.ts": {"path":"C:\\Users\\Frenzy\\Desktop\\evolved\\ReactPlayground\\minesweeper\\src\\core\\detectSolvedPuzzle.ts","statementMap":{"0":{"start":{"line":9,"column":34},"end":{"line":50,"column":1}},"1":{"start":{"line":13,"column":43},"end":{"line":13,"column":52}},"2":{"start":{"line":15,"column":21},"end":{"line":15,"column":22}},"3":{"start":{"line":16,"column":20},"end":{"line":16,"column":21}},"4":{"start":{"line":17,"column":29},"end":{"line":17,"column":30}},"5":{"start":{"line":18,"column":31},"end":{"line":18,"column":36}},"6":{"start":{"line":20,"column":2},"end":{"line":42,"column":3}},"7":{"start":{"line":21,"column":4},"end":{"line":41,"column":5}},"8":{"start":{"line":22,"column":23},"end":{"line":22,"column":38}},"9":{"start":{"line":23,"column":25},"end":{"line":23,"column":42}},"10":{"start":{"line":24,"column":31},"end":{"line":24,"column":68}},"11":{"start":{"line":26,"column":6},"end":{"line":28,"column":7}},"12":{"start":{"line":27,"column":8},"end":{"line":27,"column":38}},"13":{"start":{"line":30,"column":6},"end":{"line":32,"column":7}},"14":{"start":{"line":31,"column":8},"end":{"line":31,"column":22}},"15":{"start":{"line":34,"column":6},"end":{"line":40,"column":7}},"16":{"start":{"line":35,"column":8},"end":{"line":35,"column":23}},"17":{"start":{"line":37,"column":8},"end":{"line":39,"column":9}},"18":{"start":{"line":38,"column":10},"end":{"line":38,"column":33}},"19":{"start":{"line":45,"column":4},"end":{"line":47,"column":27}},"20":{"start":{"line":49,"column":2},"end":{"line":49,"column":39}}},"fnMap":{"0":{"name":"(anonymous_0)","decl":{"start":{"line":9,"column":34},"end":{"line":9,"column":35}},"loc":{"start":{"line":12,"column":24},"end":{"line":50,"column":1}},"line":12}},"branchMap":{"0":{"loc":{"start":{"line":26,"column":6},"end":{"line":28,"column":7}},"type":"if","locations":[{"start":{"line":26,"column":6},"end":{"line":28,"column":7}},{"start":{},"end":{}}],"line":26},"1":{"loc":{"start":{"line":30,"column":6},"end":{"line":32,"column":7}},"type":"if","locations":[{"start":{"line":30,"column":6},"end":{"line":32,"column":7}},{"start":{},"end":{}}],"line":30},"2":{"loc":{"start":{"line":34,"column":6},"end":{"line":40,"column":7}},"type":"if","locations":[{"start":{"line":34,"column":6},"end":{"line":40,"column":7}},{"start":{},"end":{}}],"line":34},"3":{"loc":{"start":{"line":37,"column":8},"end":{"line":39,"column":9}},"type":"if","locations":[{"start":{"line":37,"column":8},"end":{"line":39,"column":9}},{"start":{},"end":{}}],"line":37},"4":{"loc":{"start":{"line":45,"column":4},"end":{"line":47,"column":27}},"type":"binary-expr","locations":[{"start":{"line":45,"column":4},"end":{"line":45,"column":41}},{"start":{"line":46,"column":4},"end":{"line":46,"column":32}},{"start":{"line":47,"column":4},"end":{"line":47,"column":27}}],"line":45}},"s":{"0":9,"1":1076,"2":1076,"3":1076,"4":1076,"5":1076,"6":1076,"7":9347,"8":84627,"9":84627,"10":84627,"11":84627,"12":50166,"13":84627,"14":2753,"15":84627,"16":10770,"17":10770,"18":2657,"19":1076,"20":1076},"f":{"0":1076},"b":{"0":[50166,34461],"1":[2753,81874],"2":[10770,73857],"3":[2657,8113],"4":[1076,254,253]},"_coverageSchema":"1a1c01bbd47fc00a2c39e90264f33305004495a9","hash":"ae6af064a84dbbf870c0a4cde0e4fa3deeddcfdb"}
,"C:\\Users\\Frenzy\\Desktop\\evolved\\ReactPlayground\\minesweeper\\src\\core\\openCell.ts": {"path":"C:\\Users\\Frenzy\\Desktop\\evolved\\ReactPlayground\\minesweeper\\src\\core\\openCell.ts","statementMap":{"0":{"start":{"line":13,"column":24},"end":{"line":18,"column":64}},"1":{"start":{"line":18,"column":2},"end":{"line":18,"column":64}},"2":{"start":{"line":26,"column":35},"end":{"line":60,"column":1}},"3":{"start":{"line":31,"column":50},"end":{"line":31,"column":59}},"4":{"start":{"line":33,"column":17},"end":{"line":33,"column":23}},"5":{"start":{"line":34,"column":19},"end":{"line":34,"column":34}},"6":{"start":{"line":35,"column":21},"end":{"line":35,"column":38}},"7":{"start":{"line":37,"column":2},"end":{"line":39,"column":3}},"8":{"start":{"line":38,"column":4},"end":{"line":38,"column":33}},"9":{"start":{"line":41,"column":2},"end":{"line":43,"column":3}},"10":{"start":{"line":42,"column":4},"end":{"line":42,"column":32}},"11":{"start":{"line":45,"column":2},"end":{"line":45,"column":31}},"12":{"start":{"line":47,"column":2},"end":{"line":55,"column":3}},"13":{"start":{"line":48,"column":18},"end":{"line":48,"column":43}},"14":{"start":{"line":50,"column":4},"end":{"line":54,"column":5}},"15":{"start":{"line":51,"column":6},"end":{"line":53,"column":7}},"16":{"start":{"line":52,"column":8},"end":{"line":52,"column":76}},"17":{"start":{"line":57,"column":21},"end":{"line":57,"column":63}},"18":{"start":{"line":59,"column":2},"end":{"line":59,"column":33}}},"fnMap":{"0":{"name":"(anonymous_0)","decl":{"start":{"line":13,"column":24},"end":{"line":13,"column":25}},"loc":{"start":{"line":18,"column":2},"end":{"line":18,"column":64}},"line":18},"1":{"name":"(anonymous_1)","decl":{"start":{"line":26,"column":35},"end":{"line":26,"column":36}},"loc":{"start":{"line":30,"column":23},"end":{"line":60,"column":1}},"line":30}},"branchMap":{"0":{"loc":{"start":{"line":37,"column":2},"end":{"line":39,"column":3}},"type":"if","locations":[{"start":{"line":37,"column":2},"end":{"line":39,"column":3}},{"start":{},"end":{}}],"line":37},"1":{"loc":{"start":{"line":41,"column":2},"end":{"line":43,"column":3}},"type":"if","locations":[{"start":{"line":41,"column":2},"end":{"line":43,"column":3}},{"start":{},"end":{}}],"line":41},"2":{"loc":{"start":{"line":47,"column":2},"end":{"line":55,"column":3}},"type":"if","locations":[{"start":{"line":47,"column":2},"end":{"line":55,"column":3}},{"start":{},"end":{}}],"line":47},"3":{"loc":{"start":{"line":47,"column":6},"end":{"line":47,"column":67}},"type":"binary-expr","locations":[{"start":{"line":47,"column":6},"end":{"line":47,"column":24}},{"start":{"line":47,"column":28},"end":{"line":47,"column":67}}],"line":47},"4":{"loc":{"start":{"line":51,"column":6},"end":{"line":53,"column":7}},"type":"if","locations":[{"start":{"line":51,"column":6},"end":{"line":53,"column":7}},{"start":{},"end":{}}],"line":51}},"s":{"0":7,"1":169,"2":7,"3":1021,"4":1021,"5":1021,"6":1021,"7":1021,"8":3,"9":1018,"10":2,"11":1016,"12":1016,"13":138,"14":138,"15":1104,"16":852,"17":1016,"18":1016},"f":{"0":169,"1":1021},"b":{"0":[3,1018],"1":[2,1016],"2":[138,878],"3":[1016,622],"4":[852,252]},"_coverageSchema":"1a1c01bbd47fc00a2c39e90264f33305004495a9","hash":"a24f444b0ed298aa027daf32cac627170a797356"}
,"C:\\Users\\Frenzy\\Desktop\\evolved\\ReactPlayground\\minesweeper\\src\\core\\setFlag.ts": {"path":"C:\\Users\\Frenzy\\Desktop\\evolved\\ReactPlayground\\minesweeper\\src\\core\\setFlag.ts","statementMap":{"0":{"start":{"line":14,"column":23},"end":{"line":45,"column":1}},"1":{"start":{"line":21,"column":17},"end":{"line":21,"column":23}},"2":{"start":{"line":22,"column":25},"end":{"line":22,"column":47}},"3":{"start":{"line":24,"column":15},"end":{"line":24,"column":35}},"4":{"start":{"line":26,"column":37},"end":{"line":26,"column":46}},"5":{"start":{"line":28,"column":2},"end":{"line":40,"column":3}},"6":{"start":{"line":30,"column":6},"end":{"line":30,"column":38}},"7":{"start":{"line":31,"column":6},"end":{"line":31,"column":12}},"8":{"start":{"line":33,"column":6},"end":{"line":33,"column":36}},"9":{"start":{"line":34,"column":6},"end":{"line":34,"column":12}},"10":{"start":{"line":36,"column":6},"end":{"line":38,"column":7}},"11":{"start":{"line":37,"column":8},"end":{"line":37,"column":36}},"12":{"start":{"line":39,"column":6},"end":{"line":39,"column":12}},"13":{"start":{"line":42,"column":34},"end":{"line":42,"column":79}},"14":{"start":{"line":44,"column":2},"end":{"line":44,"column":49}}},"fnMap":{"0":{"name":"(anonymous_0)","decl":{"start":{"line":14,"column":23},"end":{"line":14,"column":24}},"loc":{"start":{"line":20,"column":31},"end":{"line":45,"column":1}},"line":20}},"branchMap":{"0":{"loc":{"start":{"line":28,"column":2},"end":{"line":40,"column":3}},"type":"switch","locations":[{"start":{"line":29,"column":4},"end":{"line":31,"column":12}},{"start":{"line":32,"column":4},"end":{"line":34,"column":12}},{"start":{"line":35,"column":4},"end":{"line":39,"column":12}}],"line":28},"1":{"loc":{"start":{"line":36,"column":6},"end":{"line":38,"column":7}},"type":"if","locations":[{"start":{"line":36,"column":6},"end":{"line":38,"column":7}},{"start":{},"end":{}}],"line":36}},"s":{"0":7,"1":53,"2":53,"3":53,"4":53,"5":53,"6":4,"7":4,"8":3,"9":3,"10":45,"11":41,"12":45,"13":53,"14":53},"f":{"0":53},"b":{"0":[4,3,45],"1":[41,4]},"_coverageSchema":"1a1c01bbd47fc00a2c39e90264f33305004495a9","hash":"ee548c215d4baae84ba7cce63b74eb180a921667"}
,"C:\\Users\\Frenzy\\Desktop\\evolved\\ReactPlayground\\minesweeper\\src\\modules\\GameSettings.ts": {"path":"C:\\Users\\Frenzy\\Desktop\\evolved\\ReactPlayground\\minesweeper\\src\\modules\\GameSettings.ts","statementMap":{"0":{"start":{"line":1,"column":26},"end":{"line":1,"column":73}},"1":{"start":{"line":7,"column":58},"end":{"line":11,"column":1}}},"fnMap":{},"branchMap":{},"s":{"0":7,"1":7},"f":{},"b":{},"_coverageSchema":"1a1c01bbd47fc00a2c39e90264f33305004495a9","hash":"4bbe56893c31b2a435b2a529ea08da0df503f22f"}
,"C:\\Users\\Frenzy\\Desktop\\evolved\\ReactPlayground\\minesweeper\\src\\modules\\GameWithHooks\\useGame.ts": {"path":"C:\\Users\\Frenzy\\Desktop\\evolved\\ReactPlayground\\minesweeper\\src\\modules\\GameWithHooks\\useGame.ts","statementMap":{"0":{"start":{"line":35,"column":23},"end":{"line":161,"column":1}},"1":{"start":{"line":40,"column":6},"end":{"line":40,"column":19}},"2":{"start":{"line":50,"column":6},"end":{"line":50,"column":17}},"3":{"start":{"line":52,"column":28},"end":{"line":52,"column":62}},"4":{"start":{"line":54,"column":40},"end":{"line":54,"column":51}},"5":{"start":{"line":56,"column":40},"end":{"line":58,"column":3}},"6":{"start":{"line":60,"column":36},"end":{"line":62,"column":3}},"7":{"start":{"line":64,"column":18},"end":{"line":91,"column":3}},"8":{"start":{"line":66,"column":6},"end":{"line":66,"column":40}},"9":{"start":{"line":67,"column":6},"end":{"line":80,"column":7}},"10":{"start":{"line":68,"column":43},"end":{"line":72,"column":9}},"11":{"start":{"line":73,"column":8},"end":{"line":75,"column":9}},"12":{"start":{"line":74,"column":10},"end":{"line":74,"column":23}},"13":{"start":{"line":76,"column":8},"end":{"line":76,"column":44}},"14":{"start":{"line":78,"column":8},"end":{"line":78,"column":39}},"15":{"start":{"line":79,"column":8},"end":{"line":79,"column":23}},"16":{"start":{"line":93,"column":24},"end":{"line":118,"column":3}},"17":{"start":{"line":95,"column":6},"end":{"line":95,"column":40}},"18":{"start":{"line":96,"column":57},"end":{"line":102,"column":7}},"19":{"start":{"line":103,"column":6},"end":{"line":103,"column":37}},"20":{"start":{"line":104,"column":6},"end":{"line":106,"column":7}},"21":{"start":{"line":105,"column":8},"end":{"line":105,"column":21}},"22":{"start":{"line":107,"column":6},"end":{"line":107,"column":42}},"23":{"start":{"line":120,"column":23},"end":{"line":132,"column":3}},"24":{"start":{"line":121,"column":25},"end":{"line":121,"column":68}},"25":{"start":{"line":122,"column":27},"end":{"line":125,"column":5}},"26":{"start":{"line":127,"column":4},"end":{"line":127,"column":36}},"27":{"start":{"line":128,"column":4},"end":{"line":128,"column":40}},"28":{"start":{"line":129,"column":4},"end":{"line":129,"column":17}},"29":{"start":{"line":130,"column":4},"end":{"line":130,"column":16}},"30":{"start":{"line":131,"column":4},"end":{"line":131,"column":22}},"31":{"start":{"line":134,"column":24},"end":{"line":138,"column":8}},"32":{"start":{"line":135,"column":24},"end":{"line":135,"column":39}},"33":{"start":{"line":136,"column":4},"end":{"line":136,"column":30}},"34":{"start":{"line":140,"column":18},"end":{"line":144,"column":3}},"35":{"start":{"line":141,"column":10},"end":{"line":141,"column":37}},"36":{"start":{"line":146,"column":2},"end":{"line":160,"column":4}}},"fnMap":{"0":{"name":"(anonymous_0)","decl":{"start":{"line":35,"column":23},"end":{"line":35,"column":24}},"loc":{"start":{"line":35,"column":41},"end":{"line":161,"column":1}},"line":35},"1":{"name":"(anonymous_1)","decl":{"start":{"line":65,"column":4},"end":{"line":65,"column":5}},"loc":{"start":{"line":65,"column":24},"end":{"line":81,"column":5}},"line":65},"2":{"name":"(anonymous_2)","decl":{"start":{"line":94,"column":4},"end":{"line":94,"column":5}},"loc":{"start":{"line":94,"column":24},"end":{"line":108,"column":5}},"line":94},"3":{"name":"(anonymous_3)","decl":{"start":{"line":120,"column":23},"end":{"line":120,"column":24}},"loc":{"start":{"line":120,"column":60},"end":{"line":132,"column":3}},"line":120},"4":{"name":"(anonymous_4)","decl":{"start":{"line":134,"column":36},"end":{"line":134,"column":37}},"loc":{"start":{"line":134,"column":59},"end":{"line":138,"column":3}},"line":134},"5":{"name":"(anonymous_5)","decl":{"start":{"line":141,"column":4},"end":{"line":141,"column":5}},"loc":{"start":{"line":141,"column":10},"end":{"line":141,"column":37}},"line":141}},"branchMap":{"0":{"loc":{"start":{"line":66,"column":6},"end":{"line":66,"column":39}},"type":"binary-expr","locations":[{"start":{"line":66,"column":6},"end":{"line":66,"column":20}},{"start":{"line":66,"column":24},"end":{"line":66,"column":39}}],"line":66},"1":{"loc":{"start":{"line":73,"column":8},"end":{"line":75,"column":9}},"type":"if","locations":[{"start":{"line":73,"column":8},"end":{"line":75,"column":9}},{"start":{},"end":{}}],"line":73},"2":{"loc":{"start":{"line":95,"column":6},"end":{"line":95,"column":39}},"type":"binary-expr","locations":[{"start":{"line":95,"column":6},"end":{"line":95,"column":20}},{"start":{"line":95,"column":24},"end":{"line":95,"column":39}}],"line":95},"3":{"loc":{"start":{"line":104,"column":6},"end":{"line":106,"column":7}},"type":"if","locations":[{"start":{"line":104,"column":6},"end":{"line":106,"column":7}},{"start":{},"end":{}}],"line":104}},"s":{"0":1,"1":231,"2":231,"3":231,"4":231,"5":231,"6":231,"7":231,"8":152,"9":152,"10":152,"11":151,"12":1,"13":151,"14":1,"15":1,"16":231,"17":37,"18":37,"19":37,"20":37,"21":1,"22":37,"23":231,"24":7,"25":7,"26":7,"27":7,"28":7,"29":7,"30":7,"31":231,"32":4,"33":4,"34":231,"35":3,"36":231},"f":{"0":231,"1":152,"2":37,"3":7,"4":4,"5":3},"b":{"0":[152,8],"1":[1,150],"2":[37,6],"3":[1,36]},"_coverageSchema":"1a1c01bbd47fc00a2c39e90264f33305004495a9","hash":"1b979424f6f1e262418c5d3ca62983aa73e2ab3d"}
,"C:\\Users\\Frenzy\\Desktop\\evolved\\ReactPlayground\\minesweeper\\src\\modules\\GameWithHooks\\useSettings.ts": {"path":"C:\\Users\\Frenzy\\Desktop\\evolved\\ReactPlayground\\minesweeper\\src\\modules\\GameWithHooks\\useSettings.ts","statementMap":{"0":{"start":{"line":11,"column":27},"end":{"line":25,"column":1}},"1":{"start":{"line":14,"column":28},"end":{"line":14,"column":62}},"2":{"start":{"line":15,"column":19},"end":{"line":15,"column":38}},"3":{"start":{"line":17,"column":2},"end":{"line":24,"column":4}},"4":{"start":{"line":21,"column":6},"end":{"line":21,"column":22}},"5":{"start":{"line":22,"column":6},"end":{"line":22,"column":33}}},"fnMap":{"0":{"name":"(anonymous_0)","decl":{"start":{"line":11,"column":27},"end":{"line":11,"column":28}},"loc":{"start":{"line":13,"column":13},"end":{"line":25,"column":1}},"line":13},"1":{"name":"(anonymous_1)","decl":{"start":{"line":20,"column":14},"end":{"line":20,"column":15}},"loc":{"start":{"line":20,"column":25},"end":{"line":23,"column":5}},"line":20}},"branchMap":{"0":{"loc":{"start":{"line":12,"column":2},"end":{"line":12,"column":41}},"type":"default-arg","locations":[{"start":{"line":12,"column":17},"end":{"line":12,"column":41}}],"line":12}},"s":{"0":2,"1":234,"2":234,"3":234,"4":5,"5":5},"f":{"0":234,"1":5},"b":{"0":[234]},"_coverageSchema":"1a1c01bbd47fc00a2c39e90264f33305004495a9","hash":"4d5c4da9355fff82c7afc255976dfbadb4ad5035"}
,"C:\\Users\\Frenzy\\Desktop\\evolved\\ReactPlayground\\minesweeper\\src\\modules\\GameWithHooks\\useStatus.ts": {"path":"C:\\Users\\Frenzy\\Desktop\\evolved\\ReactPlayground\\minesweeper\\src\\modules\\GameWithHooks\\useStatus.ts","statementMap":{"0":{"start":{"line":20,"column":25},"end":{"line":50,"column":1}},"1":{"start":{"line":21,"column":46},"end":{"line":21,"column":58}},"2":{"start":{"line":23,"column":38},"end":{"line":23,"column":53}},"3":{"start":{"line":24,"column":28},"end":{"line":24,"column":43}},"4":{"start":{"line":25,"column":44},"end":{"line":25,"column":59}},"5":{"start":{"line":27,"column":24},"end":{"line":31,"column":3}},"6":{"start":{"line":28,"column":4},"end":{"line":28,"column":44}},"7":{"start":{"line":29,"column":4},"end":{"line":29,"column":29}},"8":{"start":{"line":30,"column":4},"end":{"line":30,"column":49}},"9":{"start":{"line":33,"column":21},"end":{"line":33,"column":49}},"10":{"start":{"line":33,"column":27},"end":{"line":33,"column":49}},"11":{"start":{"line":35,"column":24},"end":{"line":35,"column":55}},"12":{"start":{"line":35,"column":30},"end":{"line":35,"column":55}},"13":{"start":{"line":37,"column":21},"end":{"line":37,"column":45}},"14":{"start":{"line":37,"column":27},"end":{"line":37,"column":45}},"15":{"start":{"line":39,"column":23},"end":{"line":39,"column":49}},"16":{"start":{"line":39,"column":29},"end":{"line":39,"column":49}},"17":{"start":{"line":41,"column":2},"end":{"line":49,"column":4}}},"fnMap":{"0":{"name":"(anonymous_0)","decl":{"start":{"line":20,"column":25},"end":{"line":20,"column":26}},"loc":{"start":{"line":20,"column":39},"end":{"line":50,"column":1}},"line":20},"1":{"name":"(anonymous_1)","decl":{"start":{"line":27,"column":24},"end":{"line":27,"column":25}},"loc":{"start":{"line":27,"column":50},"end":{"line":31,"column":3}},"line":27},"2":{"name":"(anonymous_2)","decl":{"start":{"line":33,"column":21},"end":{"line":33,"column":22}},"loc":{"start":{"line":33,"column":27},"end":{"line":33,"column":49}},"line":33},"3":{"name":"(anonymous_3)","decl":{"start":{"line":35,"column":24},"end":{"line":35,"column":25}},"loc":{"start":{"line":35,"column":30},"end":{"line":35,"column":55}},"line":35},"4":{"name":"(anonymous_4)","decl":{"start":{"line":37,"column":21},"end":{"line":37,"column":22}},"loc":{"start":{"line":37,"column":27},"end":{"line":37,"column":45}},"line":37},"5":{"name":"(anonymous_5)","decl":{"start":{"line":39,"column":23},"end":{"line":39,"column":24}},"loc":{"start":{"line":39,"column":29},"end":{"line":39,"column":49}},"line":39}},"branchMap":{},"s":{"0":2,"1":244,"2":244,"3":244,"4":244,"5":244,"6":32,"7":32,"8":32,"9":244,"10":9,"11":244,"12":16,"13":244,"14":4,"15":244,"16":3,"17":244},"f":{"0":244,"1":32,"2":9,"3":16,"4":4,"5":3},"b":{},"_coverageSchema":"1a1c01bbd47fc00a2c39e90264f33305004495a9","hash":"9d06cdd84c61e2589f7456e2eee7053a161aa7bd"}
,"C:\\Users\\Frenzy\\Desktop\\evolved\\ReactPlayground\\minesweeper\\src\\modules\\GameWithHooks\\useTime.ts": {"path":"C:\\Users\\Frenzy\\Desktop\\evolved\\ReactPlayground\\minesweeper\\src\\modules\\GameWithHooks\\useTime.ts","statementMap":{"0":{"start":{"line":3,"column":23},"end":{"line":30,"column":1}},"1":{"start":{"line":7,"column":26},"end":{"line":7,"column":37}},"2":{"start":{"line":9,"column":18},"end":{"line":9,"column":34}},"3":{"start":{"line":9,"column":24},"end":{"line":9,"column":34}},"4":{"start":{"line":11,"column":2},"end":{"line":27,"column":40}},"5":{"start":{"line":14,"column":4},"end":{"line":22,"column":5}},"6":{"start":{"line":15,"column":6},"end":{"line":17,"column":15}},"7":{"start":{"line":16,"column":8},"end":{"line":16,"column":26}},"8":{"start":{"line":19,"column":6},"end":{"line":21,"column":7}},"9":{"start":{"line":20,"column":8},"end":{"line":20,"column":32}},"10":{"start":{"line":24,"column":4},"end":{"line":26,"column":6}},"11":{"start":{"line":25,"column":6},"end":{"line":25,"column":30}},"12":{"start":{"line":29,"column":2},"end":{"line":29,"column":25}}},"fnMap":{"0":{"name":"(anonymous_0)","decl":{"start":{"line":3,"column":23},"end":{"line":3,"column":24}},"loc":{"start":{"line":6,"column":27},"end":{"line":30,"column":1}},"line":6},"1":{"name":"(anonymous_1)","decl":{"start":{"line":9,"column":18},"end":{"line":9,"column":19}},"loc":{"start":{"line":9,"column":24},"end":{"line":9,"column":34}},"line":9},"2":{"name":"(anonymous_2)","decl":{"start":{"line":11,"column":12},"end":{"line":11,"column":13}},"loc":{"start":{"line":11,"column":18},"end":{"line":27,"column":3}},"line":11},"3":{"name":"(anonymous_3)","decl":{"start":{"line":15,"column":29},"end":{"line":15,"column":30}},"loc":{"start":{"line":15,"column":35},"end":{"line":17,"column":7}},"line":15},"4":{"name":"(anonymous_4)","decl":{"start":{"line":24,"column":11},"end":{"line":24,"column":12}},"loc":{"start":{"line":24,"column":17},"end":{"line":26,"column":5}},"line":24}},"branchMap":{"0":{"loc":{"start":{"line":14,"column":4},"end":{"line":22,"column":5}},"type":"if","locations":[{"start":{"line":14,"column":4},"end":{"line":22,"column":5}},{"start":{},"end":{}}],"line":14},"1":{"loc":{"start":{"line":19,"column":6},"end":{"line":21,"column":7}},"type":"if","locations":[{"start":{"line":19,"column":6},"end":{"line":21,"column":7}},{"start":{},"end":{}}],"line":19}},"s":{"0":2,"1":247,"2":247,"3":8,"4":247,"5":72,"6":49,"7":30,"8":49,"9":3,"10":72,"11":72,"12":247},"f":{"0":247,"1":8,"2":72,"3":30,"4":72},"b":{"0":[49,23],"1":[3,46]},"_coverageSchema":"1a1c01bbd47fc00a2c39e90264f33305004495a9","hash":"1c7c6cd1cd081f43ea90f7aab34e1e342909857b"}
,"C:\\Users\\Frenzy\\Desktop\\evolved\\ReactPlayground\\minesweeper\\src\\modules\\GameWithRedux\\game.ts": {"path":"C:\\Users\\Frenzy\\Desktop\\evolved\\ReactPlayground\\minesweeper\\src\\modules\\GameWithRedux\\game.ts","statementMap":{"0":{"start":{"line":34,"column":31},"end":{"line":51,"column":1}},"1":{"start":{"line":35,"column":19},"end":{"line":35,"column":38}},"2":{"start":{"line":36,"column":24},"end":{"line":36,"column":32}},"3":{"start":{"line":38,"column":2},"end":{"line":50,"column":4}},"4":{"start":{"line":53,"column":25},"end":{"line":102,"column":2}},"5":{"start":{"line":58,"column":41},"end":{"line":58,"column":46}},"6":{"start":{"line":59,"column":6},"end":{"line":74,"column":7}},"7":{"start":{"line":60,"column":43},"end":{"line":64,"column":9}},"8":{"start":{"line":65,"column":8},"end":{"line":65,"column":40}},"9":{"start":{"line":66,"column":8},"end":{"line":66,"column":36}},"10":{"start":{"line":67,"column":8},"end":{"line":67,"column":31}},"11":{"start":{"line":68,"column":8},"end":{"line":68,"column":43}},"12":{"start":{"line":70,"column":8},"end":{"line":70,"column":36}},"13":{"start":{"line":71,"column":8},"end":{"line":71,"column":32}},"14":{"start":{"line":72,"column":8},"end":{"line":72,"column":28}},"15":{"start":{"line":73,"column":8},"end":{"line":73,"column":38}},"16":{"start":{"line":77,"column":61},"end":{"line":77,"column":66}},"17":{"start":{"line":79,"column":57},"end":{"line":85,"column":7}},"18":{"start":{"line":86,"column":6},"end":{"line":86,"column":38}},"19":{"start":{"line":87,"column":6},"end":{"line":87,"column":34}},"20":{"start":{"line":88,"column":6},"end":{"line":88,"column":29}},"21":{"start":{"line":89,"column":6},"end":{"line":89,"column":41}},"22":{"start":{"line":90,"column":6},"end":{"line":90,"column":41}},"23":{"start":{"line":93,"column":6},"end":{"line":93,"column":34}},"24":{"start":{"line":96,"column":6},"end":{"line":96,"column":34}},"25":{"start":{"line":98,"column":26},"end":{"line":98,"column":48}},"26":{"start":{"line":100,"column":6},"end":{"line":100,"column":30}},"27":{"start":{"line":104,"column":36},"end":{"line":104,"column":45}},"28":{"start":{"line":107,"column":2},"end":{"line":117,"column":12}},"29":{"start":{"line":108,"column":2},"end":{"line":117,"column":12}},"30":{"start":{"line":109,"column":4},"end":{"line":117,"column":12}},"31":{"start":{"line":110,"column":59},"end":{"line":110,"column":74}},"32":{"start":{"line":111,"column":28},"end":{"line":111,"column":55}},"33":{"start":{"line":113,"column":6},"end":{"line":116,"column":7}},"34":{"start":{"line":114,"column":8},"end":{"line":114,"column":39}},"35":{"start":{"line":115,"column":8},"end":{"line":115,"column":45}},"36":{"start":{"line":120,"column":2},"end":{"line":127,"column":3}},"37":{"start":{"line":121,"column":2},"end":{"line":127,"column":3}},"38":{"start":{"line":122,"column":57},"end":{"line":122,"column":72}},"39":{"start":{"line":123,"column":4},"end":{"line":126,"column":5}},"40":{"start":{"line":124,"column":6},"end":{"line":124,"column":41}},"41":{"start":{"line":125,"column":6},"end":{"line":125,"column":43}}},"fnMap":{"0":{"name":"(anonymous_0)","decl":{"start":{"line":34,"column":31},"end":{"line":34,"column":32}},"loc":{"start":{"line":34,"column":74},"end":{"line":51,"column":1}},"line":34},"1":{"name":"(anonymous_1)","decl":{"start":{"line":57,"column":14},"end":{"line":57,"column":15}},"loc":{"start":{"line":57,"column":61},"end":{"line":75,"column":5}},"line":57},"2":{"name":"(anonymous_2)","decl":{"start":{"line":76,"column":13},"end":{"line":76,"column":14}},"loc":{"start":{"line":76,"column":60},"end":{"line":91,"column":5}},"line":76},"3":{"name":"(anonymous_3)","decl":{"start":{"line":92,"column":16},"end":{"line":92,"column":17}},"loc":{"start":{"line":92,"column":27},"end":{"line":94,"column":5}},"line":92},"4":{"name":"(anonymous_4)","decl":{"start":{"line":95,"column":20},"end":{"line":95,"column":21}},"loc":{"start":{"line":95,"column":31},"end":{"line":97,"column":5}},"line":95},"5":{"name":"(anonymous_5)","decl":{"start":{"line":98,"column":11},"end":{"line":98,"column":12}},"loc":{"start":{"line":98,"column":26},"end":{"line":98,"column":48}},"line":98},"6":{"name":"(anonymous_6)","decl":{"start":{"line":99,"column":17},"end":{"line":99,"column":18}},"loc":{"start":{"line":100,"column":6},"end":{"line":100,"column":30}},"line":100},"7":{"name":"(anonymous_7)","decl":{"start":{"line":107,"column":2},"end":{"line":107,"column":3}},"loc":{"start":{"line":108,"column":2},"end":{"line":117,"column":12}},"line":108},"8":{"name":"(anonymous_8)","decl":{"start":{"line":108,"column":2},"end":{"line":108,"column":3}},"loc":{"start":{"line":109,"column":4},"end":{"line":117,"column":12}},"line":109},"9":{"name":"(anonymous_9)","decl":{"start":{"line":109,"column":15},"end":{"line":109,"column":16}},"loc":{"start":{"line":109,"column":21},"end":{"line":117,"column":5}},"line":109},"10":{"name":"(anonymous_10)","decl":{"start":{"line":120,"column":2},"end":{"line":120,"column":3}},"loc":{"start":{"line":121,"column":2},"end":{"line":127,"column":3}},"line":121},"11":{"name":"(anonymous_11)","decl":{"start":{"line":121,"column":2},"end":{"line":121,"column":3}},"loc":{"start":{"line":121,"column":26},"end":{"line":127,"column":3}},"line":121}},"branchMap":{"0":{"loc":{"start":{"line":34,"column":32},"end":{"line":34,"column":62}},"type":"default-arg","locations":[{"start":{"line":34,"column":52},"end":{"line":34,"column":62}}],"line":34},"1":{"loc":{"start":{"line":113,"column":6},"end":{"line":116,"column":7}},"type":"if","locations":[{"start":{"line":113,"column":6},"end":{"line":116,"column":7}},{"start":{},"end":{}}],"line":113},"2":{"loc":{"start":{"line":113,"column":10},"end":{"line":113,"column":58}},"type":"binary-expr","locations":[{"start":{"line":113,"column":10},"end":{"line":113,"column":23}},{"start":{"line":113,"column":27},"end":{"line":113,"column":41}},{"start":{"line":113,"column":45},"end":{"line":113,"column":58}}],"line":113},"3":{"loc":{"start":{"line":123,"column":4},"end":{"line":126,"column":5}},"type":"if","locations":[{"start":{"line":123,"column":4},"end":{"line":126,"column":5}},{"start":{},"end":{}}],"line":123},"4":{"loc":{"start":{"line":123,"column":8},"end":{"line":123,"column":40}},"type":"binary-expr","locations":[{"start":{"line":123,"column":8},"end":{"line":123,"column":21}},{"start":{"line":123,"column":25},"end":{"line":123,"column":40}}],"line":123}},"s":{"0":5,"1":8,"2":8,"3":8,"4":5,"5":9,"6":9,"7":9,"8":8,"9":8,"10":8,"11":8,"12":1,"13":1,"14":1,"15":1,"16":5,"17":5,"18":5,"19":5,"20":5,"21":5,"22":5,"23":2,"24":1,"25":1,"26":1,"27":5,"28":5,"29":6,"30":4,"31":4,"32":4,"33":4,"34":1,"35":1,"36":5,"37":2,"38":2,"39":2,"40":1,"41":1},"f":{"0":8,"1":9,"2":5,"3":2,"4":1,"5":1,"6":1,"7":6,"8":4,"9":4,"10":2,"11":2},"b":{"0":[6],"1":[1,3],"2":[4,3,2],"3":[1,1],"4":[2,2]},"_coverageSchema":"1a1c01bbd47fc00a2c39e90264f33305004495a9","hash":"a69c41837c70a8be20bc4495f243f9dc3716c08c"}
,"C:\\Users\\Frenzy\\Desktop\\evolved\\ReactPlayground\\minesweeper\\src\\modules\\GameWithRedux\\index.ts": {"path":"C:\\Users\\Frenzy\\Desktop\\evolved\\ReactPlayground\\minesweeper\\src\\modules\\GameWithRedux\\index.ts","statementMap":{},"fnMap":{},"branchMap":{},"s":{},"f":{},"b":{},"_coverageSchema":"1a1c01bbd47fc00a2c39e90264f33305004495a9","hash":"24535ceb10a6adc8186821b1351ce1edd91b88a9"}
,"C:\\Users\\Frenzy\\Desktop\\evolved\\ReactPlayground\\minesweeper\\src\\modules\\GameWithRedux\\GameWithReactRedux\\GameOver.tsx": {"path":"C:\\Users\\Frenzy\\Desktop\\evolved\\ReactPlayground\\minesweeper\\src\\modules\\GameWithRedux\\GameWithReactRedux\\GameOver.tsx","statementMap":{"0":{"start":{"line":8,"column":28},"end":{"line":27,"column":1}},"1":{"start":{"line":9,"column":32},"end":{"line":14,"column":3}},"2":{"start":{"line":10,"column":53},"end":{"line":13,"column":5}},"3":{"start":{"line":16,"column":19},"end":{"line":16,"column":32}},"4":{"start":{"line":18,"column":18},"end":{"line":22,"column":3}},"5":{"start":{"line":19,"column":10},"end":{"line":19,"column":35}},"6":{"start":{"line":24,"column":2},"end":{"line":26,"column":4}}},"fnMap":{"0":{"name":"(anonymous_0)","decl":{"start":{"line":8,"column":28},"end":{"line":8,"column":29}},"loc":{"start":{"line":8,"column":34},"end":{"line":27,"column":1}},"line":8},"1":{"name":"(anonymous_1)","decl":{"start":{"line":10,"column":4},"end":{"line":10,"column":5}},"loc":{"start":{"line":10,"column":53},"end":{"line":13,"column":5}},"line":10},"2":{"name":"(anonymous_2)","decl":{"start":{"line":19,"column":4},"end":{"line":19,"column":5}},"loc":{"start":{"line":19,"column":10},"end":{"line":19,"column":35}},"line":19}},"branchMap":{"0":{"loc":{"start":{"line":25,"column":7},"end":{"line":25,"column":74}},"type":"binary-expr","locations":[{"start":{"line":25,"column":7},"end":{"line":25,"column":17}},{"start":{"line":25,"column":21},"end":{"line":25,"column":74}}],"line":25}},"s":{"0":4,"1":2,"2":2,"3":2,"4":2,"5":0,"6":2},"f":{"0":2,"1":2,"2":0},"b":{"0":[2,0]},"_coverageSchema":"1a1c01bbd47fc00a2c39e90264f33305004495a9","hash":"816d4c04ecdefc4b462e33a1a225b9493fc89aa1"}
,"C:\\Users\\Frenzy\\Desktop\\evolved\\ReactPlayground\\minesweeper\\src\\modules\\GameWithRedux\\GameWithReactRedux\\GameWithReactRedux.tsx": {"path":"C:\\Users\\Frenzy\\Desktop\\evolved\\ReactPlayground\\minesweeper\\src\\modules\\GameWithRedux\\GameWithReactRedux\\GameWithReactRedux.tsx","statementMap":{"0":{"start":{"line":7,"column":38},"end":{"line":15,"column":1}},"1":{"start":{"line":8,"column":2},"end":{"line":14,"column":4}}},"fnMap":{"0":{"name":"(anonymous_0)","decl":{"start":{"line":7,"column":38},"end":{"line":7,"column":39}},"loc":{"start":{"line":7,"column":44},"end":{"line":15,"column":1}},"line":7}},"branchMap":{},"s":{"0":4,"1":2},"f":{"0":2},"b":{},"_coverageSchema":"1a1c01bbd47fc00a2c39e90264f33305004495a9","hash":"c17a574aa385f7569a915a30da2b57958af5a973"}
,"C:\\Users\\Frenzy\\Desktop\\evolved\\ReactPlayground\\minesweeper\\src\\modules\\GameWithRedux\\GameWithReactRedux\\Grid.tsx": {"path":"C:\\Users\\Frenzy\\Desktop\\evolved\\ReactPlayground\\minesweeper\\src\\modules\\GameWithRedux\\GameWithReactRedux\\Grid.tsx","statementMap":{"0":{"start":{"line":10,"column":24},"end":{"line":42,"column":1}},"1":{"start":{"line":11,"column":26},"end":{"line":15,"column":3}},"2":{"start":{"line":12,"column":47},"end":{"line":14,"column":5}},"3":{"start":{"line":17,"column":19},"end":{"line":17,"column":32}},"4":{"start":{"line":19,"column":18},"end":{"line":26,"column":3}},"5":{"start":{"line":21,"column":6},"end":{"line":21,"column":41}},"6":{"start":{"line":22,"column":6},"end":{"line":22,"column":27}},"7":{"start":{"line":28,"column":24},"end":{"line":35,"column":3}},"8":{"start":{"line":30,"column":6},"end":{"line":30,"column":40}},"9":{"start":{"line":31,"column":6},"end":{"line":31,"column":27}},"10":{"start":{"line":37,"column":2},"end":{"line":41,"column":4}}},"fnMap":{"0":{"name":"(anonymous_0)","decl":{"start":{"line":10,"column":24},"end":{"line":10,"column":25}},"loc":{"start":{"line":10,"column":30},"end":{"line":42,"column":1}},"line":10},"1":{"name":"(anonymous_1)","decl":{"start":{"line":12,"column":4},"end":{"line":12,"column":5}},"loc":{"start":{"line":12,"column":47},"end":{"line":14,"column":5}},"line":12},"2":{"name":"(anonymous_2)","decl":{"start":{"line":20,"column":4},"end":{"line":20,"column":5}},"loc":{"start":{"line":20,"column":24},"end":{"line":23,"column":5}},"line":20},"3":{"name":"(anonymous_3)","decl":{"start":{"line":29,"column":4},"end":{"line":29,"column":5}},"loc":{"start":{"line":29,"column":24},"end":{"line":32,"column":5}},"line":29}},"branchMap":{},"s":{"0":4,"1":3,"2":3,"3":3,"4":3,"5":0,"6":0,"7":3,"8":0,"9":0,"10":3},"f":{"0":3,"1":3,"2":0,"3":0},"b":{},"_coverageSchema":"1a1c01bbd47fc00a2c39e90264f33305004495a9","hash":"f31a6c3c49adf478efb5b7e7b05a33ddc1f7203f"}
,"C:\\Users\\Frenzy\\Desktop\\evolved\\ReactPlayground\\minesweeper\\src\\modules\\GameWithRedux\\GameWithReactRedux\\Scoreboard.tsx": {"path":"C:\\Users\\Frenzy\\Desktop\\evolved\\ReactPlayground\\minesweeper\\src\\modules\\GameWithRedux\\GameWithReactRedux\\Scoreboard.tsx","statementMap":{"0":{"start":{"line":10,"column":30},"end":{"line":56,"column":1}},"1":{"start":{"line":11,"column":42},"end":{"line":11,"column":59}},"2":{"start":{"line":12,"column":19},"end":{"line":12,"column":32}},"3":{"start":{"line":14,"column":2},"end":{"line":20,"column":9}},"4":{"start":{"line":15,"column":26},"end":{"line":16,"column":30}},"5":{"start":{"line":17,"column":4},"end":{"line":19,"column":5}},"6":{"start":{"line":18,"column":6},"end":{"line":18,"column":65}},"7":{"start":{"line":22,"column":46},"end":{"line":29,"column":3}},"8":{"start":{"line":23,"column":67},"end":{"line":28,"column":5}},"9":{"start":{"line":31,"column":24},"end":{"line":38,"column":3}},"10":{"start":{"line":33,"column":6},"end":{"line":33,"column":33}},"11":{"start":{"line":34,"column":6},"end":{"line":34,"column":57}},"12":{"start":{"line":40,"column":18},"end":{"line":44,"column":3}},"13":{"start":{"line":41,"column":10},"end":{"line":41,"column":35}},"14":{"start":{"line":46,"column":2},"end":{"line":55,"column":4}}},"fnMap":{"0":{"name":"(anonymous_0)","decl":{"start":{"line":10,"column":30},"end":{"line":10,"column":31}},"loc":{"start":{"line":10,"column":36},"end":{"line":56,"column":1}},"line":10},"1":{"name":"(anonymous_1)","decl":{"start":{"line":14,"column":12},"end":{"line":14,"column":13}},"loc":{"start":{"line":14,"column":18},"end":{"line":20,"column":3}},"line":14},"2":{"name":"(anonymous_2)","decl":{"start":{"line":23,"column":4},"end":{"line":23,"column":5}},"loc":{"start":{"line":23,"column":67},"end":{"line":28,"column":5}},"line":23},"3":{"name":"(anonymous_3)","decl":{"start":{"line":32,"column":4},"end":{"line":32,"column":5}},"loc":{"start":{"line":32,"column":76},"end":{"line":35,"column":5}},"line":32},"4":{"name":"(anonymous_4)","decl":{"start":{"line":41,"column":4},"end":{"line":41,"column":5}},"loc":{"start":{"line":41,"column":10},"end":{"line":41,"column":35}},"line":41}},"branchMap":{"0":{"loc":{"start":{"line":15,"column":27},"end":{"line":16,"column":15}},"type":"binary-expr","locations":[{"start":{"line":15,"column":27},"end":{"line":15,"column":52}},{"start":{"line":16,"column":6},"end":{"line":16,"column":15}}],"line":15},"1":{"loc":{"start":{"line":17,"column":4},"end":{"line":19,"column":5}},"type":"if","locations":[{"start":{"line":17,"column":4},"end":{"line":19,"column":5}},{"start":{},"end":{}}],"line":17}},"s":{"0":4,"1":2,"2":2,"3":2,"4":2,"5":2,"6":0,"7":2,"8":2,"9":2,"10":0,"11":0,"12":2,"13":0,"14":2},"f":{"0":2,"1":2,"2":2,"3":0,"4":0},"b":{"0":[2,2],"1":[0,2]},"_coverageSchema":"1a1c01bbd47fc00a2c39e90264f33305004495a9","hash":"6fac43a0bcc837b5d9498e6f40e107df5c855f45"}
,"C:\\Users\\Frenzy\\Desktop\\evolved\\ReactPlayground\\minesweeper\\src\\modules\\GameWithRedux\\GameWithReactRedux\\index.ts": {"path":"C:\\Users\\Frenzy\\Desktop\\evolved\\ReactPlayground\\minesweeper\\src\\modules\\GameWithRedux\\GameWithReactRedux\\index.ts","statementMap":{},"fnMap":{},"branchMap":{},"s":{},"f":{},"b":{},"_coverageSchema":"1a1c01bbd47fc00a2c39e90264f33305004495a9","hash":"99a388739a453a1e26f217a300f9614773e1f802"}
,"C:\\Users\\Frenzy\\Desktop\\evolved\\ReactPlayground\\minesweeper\\src\\modules\\GameWithRedux\\GameWithUseReducer\\GameWithUseReducer.tsx": {"path":"C:\\Users\\Frenzy\\Desktop\\evolved\\ReactPlayground\\minesweeper\\src\\modules\\GameWithRedux\\GameWithUseReducer\\GameWithUseReducer.tsx","statementMap":{"0":{"start":{"line":17,"column":38},"end":{"line":71,"column":1}},"1":{"start":{"line":18,"column":42},"end":{"line":18,"column":59}},"2":{"start":{"line":19,"column":24},"end":{"line":19,"column":78}},"3":{"start":{"line":24,"column":6},"end":{"line":24,"column":57}},"4":{"start":{"line":26,"column":20},"end":{"line":26,"column":28}},"5":{"start":{"line":28,"column":18},"end":{"line":32,"column":3}},"6":{"start":{"line":29,"column":24},"end":{"line":29,"column":58}},"7":{"start":{"line":34,"column":24},"end":{"line":38,"column":3}},"8":{"start":{"line":35,"column":24},"end":{"line":35,"column":57}},"9":{"start":{"line":40,"column":18},"end":{"line":44,"column":3}},"10":{"start":{"line":41,"column":10},"end":{"line":41,"column":35}},"11":{"start":{"line":46,"column":24},"end":{"line":53,"column":3}},"12":{"start":{"line":48,"column":6},"end":{"line":48,"column":33}},"13":{"start":{"line":49,"column":6},"end":{"line":49,"column":57}},"14":{"start":{"line":55,"column":2},"end":{"line":70,"column":4}}},"fnMap":{"0":{"name":"(anonymous_0)","decl":{"start":{"line":17,"column":38},"end":{"line":17,"column":39}},"loc":{"start":{"line":17,"column":44},"end":{"line":71,"column":1}},"line":17},"1":{"name":"(anonymous_1)","decl":{"start":{"line":29,"column":4},"end":{"line":29,"column":5}},"loc":{"start":{"line":29,"column":24},"end":{"line":29,"column":58}},"line":29},"2":{"name":"(anonymous_2)","decl":{"start":{"line":35,"column":4},"end":{"line":35,"column":5}},"loc":{"start":{"line":35,"column":24},"end":{"line":35,"column":57}},"line":35},"3":{"name":"(anonymous_3)","decl":{"start":{"line":41,"column":4},"end":{"line":41,"column":5}},"loc":{"start":{"line":41,"column":10},"end":{"line":41,"column":35}},"line":41},"4":{"name":"(anonymous_4)","decl":{"start":{"line":47,"column":4},"end":{"line":47,"column":5}},"loc":{"start":{"line":47,"column":76},"end":{"line":50,"column":5}},"line":47}},"branchMap":{"0":{"loc":{"start":{"line":19,"column":25},"end":{"line":19,"column":63}},"type":"binary-expr","locations":[{"start":{"line":19,"column":25},"end":{"line":19,"column":50}},{"start":{"line":19,"column":54},"end":{"line":19,"column":63}}],"line":19},"1":{"loc":{"start":{"line":65,"column":7},"end":{"line":65,"column":65}},"type":"binary-expr","locations":[{"start":{"line":65,"column":7},"end":{"line":65,"column":17}},{"start":{"line":65,"column":21},"end":{"line":65,"column":65}}],"line":65}},"s":{"0":4,"1":1,"2":1,"3":1,"4":1,"5":1,"6":0,"7":1,"8":0,"9":1,"10":0,"11":1,"12":0,"13":0,"14":1},"f":{"0":1,"1":0,"2":0,"3":0,"4":0},"b":{"0":[1,1],"1":[1,0]},"_coverageSchema":"1a1c01bbd47fc00a2c39e90264f33305004495a9","hash":"b54a04cfa817edd97fbf8d3db33ccc7544285cf3"}
,"C:\\Users\\Frenzy\\Desktop\\evolved\\ReactPlayground\\minesweeper\\src\\modules\\GameWithRedux\\GameWithUseReducer\\index.ts": {"path":"C:\\Users\\Frenzy\\Desktop\\evolved\\ReactPlayground\\minesweeper\\src\\modules\\GameWithRedux\\GameWithUseReducer\\index.ts","statementMap":{},"fnMap":{},"branchMap":{},"s":{},"f":{},"b":{},"_coverageSchema":"1a1c01bbd47fc00a2c39e90264f33305004495a9","hash":"387bcd5300f7614f1b50b7f1374a9e68b863e28a"}
,"C:\\Users\\Frenzy\\Desktop\\evolved\\ReactPlayground\\minesweeper\\src\\pages\\MinesweeperWithReactRedux\\MinesweeperWithReactRedux.tsx": {"path":"C:\\Users\\Frenzy\\Desktop\\evolved\\ReactPlayground\\minesweeper\\src\\pages\\MinesweeperWithReactRedux\\MinesweeperWithReactRedux.tsx","statementMap":{"0":{"start":{"line":8,"column":45},"end":{"line":20,"column":1}},"1":{"start":{"line":9,"column":2},"end":{"line":19,"column":4}}},"fnMap":{"0":{"name":"(anonymous_0)","decl":{"start":{"line":8,"column":45},"end":{"line":8,"column":46}},"loc":{"start":{"line":8,"column":51},"end":{"line":20,"column":1}},"line":8}},"branchMap":{},"s":{"0":1,"1":1},"f":{"0":1},"b":{},"_coverageSchema":"1a1c01bbd47fc00a2c39e90264f33305004495a9","hash":"7e20374d5e043c958e9f217cb63c66ccef5ca4e6"}
,"C:\\Users\\Frenzy\\Desktop\\evolved\\ReactPlayground\\minesweeper\\src\\pages\\MinesweeperWithUseReducer\\MinesweeperWithUseReducer.tsx": {"path":"C:\\Users\\Frenzy\\Desktop\\evolved\\ReactPlayground\\minesweeper\\src\\pages\\MinesweeperWithUseReducer\\MinesweeperWithUseReducer.tsx","statementMap":{"0":{"start":{"line":8,"column":45},"end":{"line":20,"column":1}},"1":{"start":{"line":9,"column":2},"end":{"line":19,"column":4}}},"fnMap":{"0":{"name":"(anonymous_0)","decl":{"start":{"line":8,"column":45},"end":{"line":8,"column":46}},"loc":{"start":{"line":8,"column":51},"end":{"line":20,"column":1}},"line":8}},"branchMap":{},"s":{"0":1,"1":1},"f":{"0":1},"b":{},"_coverageSchema":"1a1c01bbd47fc00a2c39e90264f33305004495a9","hash":"d1213275425587a66c85a6c3cfa98c96620d78d0"}
}
