{"C:\\Users\\Frenzy\\Desktop\\evolved\\ReactPlayground\\minesweeper\\src\\components\\Grid\\Cell.tsx": {"path":"C:\\Users\\Frenzy\\Desktop\\evolved\\ReactPlayground\\minesweeper\\src\\components\\Grid\\Cell.tsx","statementMap":{"0":{"start":{"line":27,"column":28},"end":{"line":28,"column":71}},"1":{"start":{"line":28,"column":2},"end":{"line":28,"column":71}},"2":{"start":{"line":30,"column":35},"end":{"line":57,"column":1}},"3":{"start":{"line":31,"column":46},"end":{"line":31,"column":60}},"4":{"start":{"line":33,"column":18},"end":{"line":33,"column":44}},"5":{"start":{"line":33,"column":24},"end":{"line":33,"column":44}},"6":{"start":{"line":35,"column":24},"end":{"line":44,"column":3}},"7":{"start":{"line":39,"column":4},"end":{"line":39,"column":26}},"8":{"start":{"line":41,"column":4},"end":{"line":43,"column":5}},"9":{"start":{"line":42,"column":6},"end":{"line":42,"column":33}},"10":{"start":{"line":46,"column":16},"end":{"line":54,"column":3}},"11":{"start":{"line":56,"column":2},"end":{"line":56,"column":62}},"12":{"start":{"line":70,"column":46},"end":{"line":102,"column":1}},"13":{"start":{"line":71,"column":29},"end":{"line":74,"column":3}},"14":{"start":{"line":76,"column":2},"end":{"line":101,"column":3}},"15":{"start":{"line":78,"column":6},"end":{"line":78,"column":55}},"16":{"start":{"line":80,"column":6},"end":{"line":84,"column":8}},"17":{"start":{"line":86,"column":6},"end":{"line":86,"column":39}},"18":{"start":{"line":88,"column":6},"end":{"line":92,"column":8}},"19":{"start":{"line":94,"column":6},"end":{"line":98,"column":8}},"20":{"start":{"line":100,"column":6},"end":{"line":100,"column":79}},"21":{"start":{"line":108,"column":20},"end":{"line":123,"column":1}},"22":{"start":{"line":119,"column":4},"end":{"line":119,"column":61}},"23":{"start":{"line":125,"column":20},"end":{"line":125,"column":35}},"24":{"start":{"line":126,"column":46},"end":{"line":140,"column":1}},"25":{"start":{"line":142,"column":22},"end":{"line":149,"column":1}},"26":{"start":{"line":145,"column":29},"end":{"line":145,"column":72}},"27":{"start":{"line":151,"column":13},"end":{"line":156,"column":1}},"28":{"start":{"line":158,"column":18},"end":{"line":160,"column":1}},"29":{"start":{"line":162,"column":13},"end":{"line":168,"column":1}},"30":{"start":{"line":170,"column":17},"end":{"line":172,"column":1}}},"fnMap":{"0":{"name":"(anonymous_0)","decl":{"start":{"line":27,"column":28},"end":{"line":27,"column":29}},"loc":{"start":{"line":28,"column":2},"end":{"line":28,"column":71}},"line":28},"1":{"name":"(anonymous_1)","decl":{"start":{"line":30,"column":35},"end":{"line":30,"column":36}},"loc":{"start":{"line":30,"column":70},"end":{"line":57,"column":1}},"line":30},"2":{"name":"(anonymous_2)","decl":{"start":{"line":33,"column":18},"end":{"line":33,"column":19}},"loc":{"start":{"line":33,"column":24},"end":{"line":33,"column":44}},"line":33},"3":{"name":"(anonymous_3)","decl":{"start":{"line":35,"column":24},"end":{"line":35,"column":25}},"loc":{"start":{"line":35,"column":65},"end":{"line":44,"column":3}},"line":35},"4":{"name":"(anonymous_4)","decl":{"start":{"line":70,"column":46},"end":{"line":70,"column":47}},"loc":{"start":{"line":70,"column":73},"end":{"line":102,"column":1}},"line":70},"5":{"name":"(anonymous_5)","decl":{"start":{"line":118,"column":18},"end":{"line":118,"column":19}},"loc":{"start":{"line":119,"column":4},"end":{"line":119,"column":61}},"line":119},"6":{"name":"(anonymous_6)","decl":{"start":{"line":145,"column":11},"end":{"line":145,"column":12}},"loc":{"start":{"line":145,"column":29},"end":{"line":145,"column":72}},"line":145}},"branchMap":{"0":{"loc":{"start":{"line":41,"column":4},"end":{"line":43,"column":5}},"type":"if","locations":[{"start":{"line":41,"column":4},"end":{"line":43,"column":5}},{"start":{},"end":{}}],"line":41},"1":{"loc":{"start":{"line":76,"column":2},"end":{"line":101,"column":3}},"type":"switch","locations":[{"start":{"line":77,"column":4},"end":{"line":78,"column":55}},{"start":{"line":79,"column":4},"end":{"line":84,"column":8}},{"start":{"line":85,"column":4},"end":{"line":86,"column":39}},{"start":{"line":87,"column":4},"end":{"line":92,"column":8}},{"start":{"line":93,"column":4},"end":{"line":98,"column":8}},{"start":{"line":99,"column":4},"end":{"line":100,"column":79}}],"line":76},"2":{"loc":{"start":{"line":118,"column":21},"end":{"line":118,"column":38}},"type":"default-arg","locations":[{"start":{"line":118,"column":33},"end":{"line":118,"column":38}}],"line":118},"3":{"loc":{"start":{"line":119,"column":4},"end":{"line":119,"column":61}},"type":"cond-expr","locations":[{"start":{"line":119,"column":16},"end":{"line":119,"column":29}},{"start":{"line":119,"column":32},"end":{"line":119,"column":61}}],"line":119},"4":{"loc":{"start":{"line":145,"column":29},"end":{"line":145,"column":72}},"type":"binary-expr","locations":[{"start":{"line":145,"column":29},"end":{"line":145,"column":57}},{"start":{"line":145,"column":61},"end":{"line":145,"column":72}}],"line":145}},"s":{"0":1,"1":39,"2":1,"3":26,"4":26,"5":3,"6":26,"7":26,"8":26,"9":6,"10":26,"11":26,"12":1,"13":26,"14":26,"15":2,"16":2,"17":2,"18":2,"19":2,"20":16,"21":1,"22":26,"23":1,"24":1,"25":1,"26":20,"27":1,"28":1,"29":1,"30":1},"f":{"0":39,"1":26,"2":3,"3":26,"4":26,"5":26,"6":20},"b":{"0":[6,20],"1":[2,2,2,2,2,16],"2":[20],"3":[0,26],"4":[20,4]},"_coverageSchema":"1a1c01bbd47fc00a2c39e90264f33305004495a9","hash":"5ea4b7beee98055a4bba53a2dc114d8b9220725b"}
,"C:\\Users\\Frenzy\\Desktop\\evolved\\ReactPlayground\\minesweeper\\src\\components\\Scoreboard\\Reset.tsx": {"path":"C:\\Users\\Frenzy\\Desktop\\evolved\\ReactPlayground\\minesweeper\\src\\components\\Scoreboard\\Reset.tsx","statementMap":{"0":{"start":{"line":13,"column":37},"end":{"line":26,"column":1}},"1":{"start":{"line":14,"column":46},"end":{"line":14,"column":60}},"2":{"start":{"line":16,"column":2},"end":{"line":25,"column":4}},"3":{"start":{"line":28,"column":15},"end":{"line":36,"column":1}}},"fnMap":{"0":{"name":"(anonymous_0)","decl":{"start":{"line":13,"column":37},"end":{"line":13,"column":38}},"loc":{"start":{"line":13,"column":54},"end":{"line":26,"column":1}},"line":13}},"branchMap":{"0":{"loc":{"start":{"line":23,"column":7},"end":{"line":23,"column":30}},"type":"cond-expr","locations":[{"start":{"line":23,"column":19},"end":{"line":23,"column":23}},{"start":{"line":23,"column":26},"end":{"line":23,"column":30}}],"line":23}},"s":{"0":1,"1":8,"2":8,"3":1},"f":{"0":8},"b":{"0":[2,6]},"_coverageSchema":"1a1c01bbd47fc00a2c39e90264f33305004495a9","hash":"f7933ddccd105e89769cd5339fd5cc181627cd9f"}
,"C:\\Users\\Frenzy\\Desktop\\evolved\\ReactPlayground\\minesweeper\\src\\helpers\\CellsManipulator.ts": {"path":"C:\\Users\\Frenzy\\Desktop\\evolved\\ReactPlayground\\minesweeper\\src\\helpers\\CellsManipulator.ts","statementMap":{"0":{"start":{"line":3,"column":33},"end":{"line":15,"column":2}},"1":{"start":{"line":6,"column":6},"end":{"line":15,"column":1}},"2":{"start":{"line":17,"column":32},"end":{"line":18,"column":54}},"3":{"start":{"line":18,"column":2},"end":{"line":18,"column":54}},"4":{"start":{"line":20,"column":33},"end":{"line":34,"column":1}},"5":{"start":{"line":21,"column":16},"end":{"line":21,"column":41}},"6":{"start":{"line":23,"column":2},"end":{"line":31,"column":3}},"7":{"start":{"line":24,"column":4},"end":{"line":30,"column":5}},"8":{"start":{"line":25,"column":21},"end":{"line":25,"column":25}},"9":{"start":{"line":26,"column":19},"end":{"line":26,"column":30}},"10":{"start":{"line":27,"column":6},"end":{"line":29,"column":7}},"11":{"start":{"line":28,"column":8},"end":{"line":28,"column":41}},"12":{"start":{"line":33,"column":2},"end":{"line":33,"column":15}}},"fnMap":{"0":{"name":"(anonymous_0)","decl":{"start":{"line":3,"column":33},"end":{"line":3,"column":34}},"loc":{"start":{"line":6,"column":6},"end":{"line":15,"column":1}},"line":6},"1":{"name":"(anonymous_1)","decl":{"start":{"line":17,"column":32},"end":{"line":17,"column":33}},"loc":{"start":{"line":18,"column":2},"end":{"line":18,"column":54}},"line":18},"2":{"name":"(anonymous_2)","decl":{"start":{"line":20,"column":33},"end":{"line":20,"column":34}},"loc":{"start":{"line":20,"column":74},"end":{"line":34,"column":1}},"line":20}},"branchMap":{"0":{"loc":{"start":{"line":18,"column":2},"end":{"line":18,"column":54}},"type":"binary-expr","locations":[{"start":{"line":18,"column":2},"end":{"line":18,"column":8}},{"start":{"line":18,"column":12},"end":{"line":18,"column":18}},{"start":{"line":18,"column":22},"end":{"line":18,"column":36}},{"start":{"line":18,"column":40},"end":{"line":18,"column":54}}],"line":18},"1":{"loc":{"start":{"line":24,"column":4},"end":{"line":30,"column":5}},"type":"if","locations":[{"start":{"line":24,"column":4},"end":{"line":30,"column":5}},{"start":{},"end":{}}],"line":24},"2":{"loc":{"start":{"line":27,"column":6},"end":{"line":29,"column":7}},"type":"if","locations":[{"start":{"line":27,"column":6},"end":{"line":29,"column":7}},{"start":{},"end":{}}],"line":27}},"s":{"0":3,"1":41,"2":3,"3":319,"4":3,"5":39,"6":39,"7":312,"8":250,"9":250,"10":250,"11":208,"12":39},"f":{"0":41,"1":319,"2":39},"b":{"0":[319,294,275,261],"1":[250,62],"2":[208,42]},"_coverageSchema":"1a1c01bbd47fc00a2c39e90264f33305004495a9","hash":"fa1bbd481e66cede6f9888867d9071a732d4a1ab"}
,"C:\\Users\\Frenzy\\Desktop\\evolved\\ReactPlayground\\minesweeper\\src\\helpers\\Field.ts": {"path":"C:\\Users\\Frenzy\\Desktop\\evolved\\ReactPlayground\\minesweeper\\src\\helpers\\Field.ts","statementMap":{"0":{"start":{"line":7,"column":47},"end":{"line":13,"column":1}},"1":{"start":{"line":28,"column":35},"end":{"line":31,"column":77}},"2":{"start":{"line":31,"column":12},"end":{"line":31,"column":77}},"3":{"start":{"line":31,"column":49},"end":{"line":31,"column":76}},"4":{"start":{"line":52,"column":30},"end":{"line":76,"column":1}},"5":{"start":{"line":53,"column":2},"end":{"line":55,"column":3}},"6":{"start":{"line":54,"column":4},"end":{"line":54,"column":59}},"7":{"start":{"line":57,"column":25},"end":{"line":57,"column":36}},"8":{"start":{"line":58,"column":27},"end":{"line":58,"column":57}},"9":{"start":{"line":60,"column":24},"end":{"line":60,"column":49}},"10":{"start":{"line":62,"column":2},"end":{"line":74,"column":3}},"11":{"start":{"line":62,"column":15},"end":{"line":62,"column":16}},"12":{"start":{"line":63,"column":4},"end":{"line":73,"column":5}},"13":{"start":{"line":63,"column":17},"end":{"line":63,"column":18}},"14":{"start":{"line":64,"column":6},"end":{"line":66,"column":7}},"15":{"start":{"line":65,"column":8},"end":{"line":65,"column":22}},"16":{"start":{"line":67,"column":6},"end":{"line":71,"column":7}},"17":{"start":{"line":68,"column":8},"end":{"line":68,"column":38}},"18":{"start":{"line":69,"column":8},"end":{"line":69,"column":42}},"19":{"start":{"line":70,"column":8},"end":{"line":70,"column":29}},"20":{"start":{"line":72,"column":6},"end":{"line":72,"column":25}},"21":{"start":{"line":75,"column":2},"end":{"line":75,"column":16}}},"fnMap":{"0":{"name":"(anonymous_0)","decl":{"start":{"line":28,"column":35},"end":{"line":28,"column":36}},"loc":{"start":{"line":31,"column":12},"end":{"line":31,"column":77}},"line":31},"1":{"name":"(anonymous_1)","decl":{"start":{"line":31,"column":43},"end":{"line":31,"column":44}},"loc":{"start":{"line":31,"column":49},"end":{"line":31,"column":76}},"line":31},"2":{"name":"(anonymous_2)","decl":{"start":{"line":52,"column":30},"end":{"line":52,"column":31}},"loc":{"start":{"line":52,"column":76},"end":{"line":76,"column":1}},"line":52}},"branchMap":{"0":{"loc":{"start":{"line":30,"column":2},"end":{"line":30,"column":31}},"type":"default-arg","locations":[{"start":{"line":30,"column":16},"end":{"line":30,"column":31}}],"line":30},"1":{"loc":{"start":{"line":53,"column":2},"end":{"line":55,"column":3}},"type":"if","locations":[{"start":{"line":53,"column":2},"end":{"line":55,"column":3}},{"start":{},"end":{}}],"line":53},"2":{"loc":{"start":{"line":53,"column":6},"end":{"line":53,"column":40}},"type":"binary-expr","locations":[{"start":{"line":53,"column":6},"end":{"line":53,"column":21}},{"start":{"line":53,"column":25},"end":{"line":53,"column":40}}],"line":53},"3":{"loc":{"start":{"line":64,"column":6},"end":{"line":66,"column":7}},"type":"if","locations":[{"start":{"line":64,"column":6},"end":{"line":66,"column":7}},{"start":{},"end":{}}],"line":64},"4":{"loc":{"start":{"line":67,"column":6},"end":{"line":71,"column":7}},"type":"if","locations":[{"start":{"line":67,"column":6},"end":{"line":71,"column":7}},{"start":{},"end":{}}],"line":67}},"s":{"0":3,"1":3,"2":9,"3":34,"4":3,"5":8,"6":2,"7":6,"8":6,"9":6,"10":6,"11":6,"12":16,"13":16,"14":99,"15":3,"16":96,"17":32,"18":32,"19":32,"20":96,"21":3},"f":{"0":9,"1":34,"2":8},"b":{"0":[8],"1":[2,6],"2":[8,7],"3":[3,96],"4":[32,64]},"_coverageSchema":"1a1c01bbd47fc00a2c39e90264f33305004495a9","hash":"c8f8f988087f9a79bd81491fd9d35c99a2ad9475"}
,"C:\\Users\\Frenzy\\Desktop\\evolved\\ReactPlayground\\minesweeper\\src\\hooks\\useMouseDown.ts": {"path":"C:\\Users\\Frenzy\\Desktop\\evolved\\ReactPlayground\\minesweeper\\src\\hooks\\useMouseDown.ts","statementMap":{"0":{"start":{"line":6,"column":28},"end":{"line":17,"column":1}},"1":{"start":{"line":11,"column":36},"end":{"line":11,"column":51}},"2":{"start":{"line":13,"column":22},"end":{"line":13,"column":46}},"3":{"start":{"line":13,"column":28},"end":{"line":13,"column":46}},"4":{"start":{"line":14,"column":20},"end":{"line":14,"column":45}},"5":{"start":{"line":14,"column":26},"end":{"line":14,"column":45}},"6":{"start":{"line":16,"column":2},"end":{"line":16,"column":45}}},"fnMap":{"0":{"name":"(anonymous_0)","decl":{"start":{"line":6,"column":28},"end":{"line":6,"column":29}},"loc":{"start":{"line":10,"column":5},"end":{"line":17,"column":1}},"line":10},"1":{"name":"(anonymous_1)","decl":{"start":{"line":13,"column":22},"end":{"line":13,"column":23}},"loc":{"start":{"line":13,"column":28},"end":{"line":13,"column":46}},"line":13},"2":{"name":"(anonymous_2)","decl":{"start":{"line":14,"column":20},"end":{"line":14,"column":21}},"loc":{"start":{"line":14,"column":26},"end":{"line":14,"column":45}},"line":14}},"branchMap":{},"s":{"0":3,"1":38,"2":38,"3":4,"4":38,"5":3,"6":38},"f":{"0":38,"1":4,"2":3},"b":{},"_coverageSchema":"1a1c01bbd47fc00a2c39e90264f33305004495a9","hash":"729f0a50b68254d14f01b948f8b75ba494215f8f"}
}
