TN:
SF:src\components\Game\GameArea.tsx
FN:11,(anonymous_0)
FNF:1
FNH:1
FNDA:7,(anonymous_0)
DA:11,1
DA:12,7
DA:15,1
LF:3
LH:3
BRF:0
BRH:0
end_of_record
TN:
SF:src\components\Game\GameOver.tsx
FN:11,(anonymous_0)
FNF:1
FNH:0
FNDA:0,(anonymous_0)
DA:11,1
DA:12,0
DA:24,1
LF:3
LH:2
BRDA:13,0,0,0
BRDA:13,0,1,0
BRF:2
BRH:0
end_of_record
TN:
SF:src\components\Game\Wrapper.tsx
FN:11,(anonymous_0)
FNF:1
FNH:1
FNDA:7,(anonymous_0)
DA:11,1
DA:12,7
DA:15,1
LF:3
LH:3
BRF:0
BRH:0
end_of_record
TN:
SF:src\components\Game\index.ts
FNF:0
FNH:0
LF:0
LH:0
BRF:0
BRH:0
end_of_record
TN:
SF:src\components\Grid\Cell.tsx
FN:27,(anonymous_0)
FN:30,(anonymous_1)
FN:33,(anonymous_2)
FN:35,(anonymous_3)
FN:72,(anonymous_4)
FN:120,(anonymous_5)
FN:147,(anonymous_6)
FNF:7
FNH:7
FNDA:39,(anonymous_0)
FNDA:750,(anonymous_1)
FNDA:3,(anonymous_2)
FNDA:26,(anonymous_3)
FNDA:750,(anonymous_4)
FNDA:763,(anonymous_5)
FNDA:165,(anonymous_6)
DA:27,3
DA:28,39
DA:30,3
DA:31,750
DA:33,750
DA:35,750
DA:39,26
DA:41,26
DA:42,6
DA:46,750
DA:57,750
DA:72,3
DA:73,750
DA:79,750
DA:81,20
DA:87,579
DA:89,3
DA:95,3
DA:101,145
DA:109,3
DA:121,763
DA:127,3
DA:128,3
DA:144,3
DA:147,165
DA:153,3
DA:160,3
DA:164,3
DA:173,3
LF:29
LH:29
BRDA:41,0,0,6
BRDA:41,0,1,20
BRDA:79,1,0,20
BRDA:79,1,1,579
BRDA:79,1,2,3
BRDA:79,1,3,3
BRDA:79,1,4,145
BRDA:120,2,0,165
BRDA:121,3,0,13
BRDA:121,3,1,750
BRDA:147,4,0,165
BRDA:147,4,1,20
BRF:12
BRH:12
end_of_record
TN:
SF:src\components\Grid\Grid.tsx
FN:23,(anonymous_0)
FN:25,(anonymous_1)
FN:26,(anonymous_2)
FN:41,(anonymous_3)
FNF:4
FNH:4
FNDA:8,(anonymous_0)
FNDA:75,(anonymous_1)
FNDA:711,(anonymous_2)
FNDA:8,(anonymous_3)
DA:23,2
DA:24,8
DA:26,75
DA:27,711
DA:39,2
DA:41,8
LF:6
LH:6
BRF:0
BRH:0
end_of_record
TN:
SF:src\components\Grid\index.ts
FNF:0
FNH:0
LF:0
LH:0
BRF:0
BRH:0
end_of_record
TN:
SF:src\components\Scoreboard\Counter.tsx
FN:11,(anonymous_0)
FNF:1
FNH:1
FNDA:18,(anonymous_0)
DA:11,2
DA:12,18
DA:15,2
LF:3
LH:3
BRF:0
BRH:0
end_of_record
TN:
SF:src\components\Scoreboard\Level.tsx
FN:19,(anonymous_0)
FN:21,(anonymous_1)
FNF:2
FNH:2
FNDA:9,(anonymous_0)
FNDA:27,(anonymous_1)
DA:19,2
DA:20,9
DA:22,27
DA:29,2
DA:38,2
LF:5
LH:5
BRF:0
BRH:0
end_of_record
TN:
SF:src\components\Scoreboard\Reset.tsx
FN:13,(anonymous_0)
FNF:1
FNH:1
FNDA:17,(anonymous_0)
DA:13,3
DA:14,17
DA:16,17
DA:28,3
LF:4
LH:4
BRDA:23,0,0,2
BRDA:23,0,1,15
BRF:2
BRH:2
end_of_record
TN:
SF:src\components\Scoreboard\Scoreboard.tsx
FN:35,(anonymous_0)
FNF:1
FNH:1
FNDA:9,(anonymous_0)
DA:35,2
DA:43,9
DA:55,2
LF:3
LH:3
BRF:0
BRH:0
end_of_record
TN:
SF:src\components\Scoreboard\index.ts
FNF:0
FNH:0
LF:0
LH:0
BRF:0
BRH:0
end_of_record
TN:
SF:src\components\Top\GameName.tsx
FNF:0
FNH:0
DA:10,1
LF:1
LH:1
BRF:0
BRH:0
end_of_record
TN:
SF:src\components\Top\Legend.tsx
FN:19,(anonymous_0)
FNF:1
FNH:1
FNDA:7,(anonymous_0)
DA:19,1
DA:24,7
DA:33,1
DA:37,1
DA:43,1
DA:47,1
LF:6
LH:6
BRDA:28,0,0,7
BRDA:28,0,1,0
BRF:2
BRH:1
end_of_record
TN:
SF:src\components\Top\Top.tsx
FN:8,(anonymous_0)
FNF:1
FNH:1
FNDA:7,(anonymous_0)
DA:8,1
DA:9,7
DA:14,1
LF:3
LH:3
BRF:0
BRH:0
end_of_record
TN:
SF:src\components\Top\index.tsx
FNF:0
FNH:0
LF:0
LH:0
BRF:0
BRH:0
end_of_record
TN:
SF:src\helpers\CellsManipulator.ts
FN:8,(anonymous_0)
FN:28,(anonymous_1)
FN:37,(anonymous_2)
FN:59,(anonymous_3)
FNF:4
FNH:4
FNDA:51,(anonymous_0)
FNDA:399,(anonymous_1)
FNDA:40,(anonymous_2)
FNDA:29,(anonymous_3)
DA:8,5
DA:11,51
DA:28,5
DA:29,399
DA:37,5
DA:38,40
DA:40,40
DA:41,320
DA:42,234
DA:43,234
DA:44,197
DA:49,40
DA:59,5
DA:64,29
DA:66,29
DA:67,29
DA:69,29
DA:70,1
DA:73,28
DA:74,9
DA:76,9
DA:78,9
DA:79,72
DA:80,53
DA:81,53
DA:83,53
DA:84,24
DA:90,28
DA:92,28
LF:29
LH:29
BRDA:29,0,0,399
BRDA:29,0,1,371
BRDA:29,0,2,348
BRDA:29,0,3,315
BRDA:41,1,0,234
BRDA:41,1,1,86
BRDA:43,2,0,197
BRDA:43,2,1,37
BRDA:69,3,0,1
BRDA:69,3,1,28
BRDA:73,4,0,9
BRDA:73,4,1,19
BRDA:79,5,0,53
BRDA:79,5,1,19
BRDA:83,6,0,24
BRDA:83,6,1,29
BRDA:83,7,0,53
BRDA:83,7,1,24
BRF:18
BRH:18
end_of_record
TN:
SF:src\helpers\Field.ts
FN:28,(anonymous_0)
FN:31,(anonymous_1)
FN:52,(anonymous_2)
FNF:3
FNH:3
FNDA:9,(anonymous_0)
FNDA:34,(anonymous_1)
FNDA:8,(anonymous_2)
DA:7,4
DA:28,4
DA:31,34
DA:52,4
DA:53,8
DA:54,2
DA:57,6
DA:58,6
DA:60,6
DA:62,6
DA:63,26
DA:64,210
DA:65,32
DA:66,32
DA:67,32
DA:69,210
DA:72,6
LF:17
LH:17
BRDA:30,0,0,8
BRDA:53,1,0,2
BRDA:53,1,1,6
BRDA:53,2,0,8
BRDA:53,2,1,7
BRDA:64,3,0,32
BRDA:64,3,1,178
BRF:7
BRH:7
end_of_record
TN:
SF:src\hooks\useMouseDown.ts
FN:6,(anonymous_0)
FN:13,(anonymous_1)
FN:14,(anonymous_2)
FNF:3
FNH:3
FNDA:771,(anonymous_0)
FNDA:4,(anonymous_1)
FNDA:3,(anonymous_2)
DA:6,6
DA:11,771
DA:13,771
DA:14,771
DA:16,771
LF:5
LH:5
BRF:0
BRH:0
end_of_record
TN:
SF:src\modules\GameSettings.ts
FNF:0
FNH:0
DA:1,1
DA:7,1
LF:2
LH:2
BRF:0
BRH:0
end_of_record
TN:
SF:src\modules\GameWithHooks\GameWithHooks.tsx
FN:19,(anonymous_0)
FN:35,(anonymous_1)
FN:45,(anonymous_2)
FN:58,(anonymous_3)
FN:66,(anonymous_4)
FN:83,(anonymous_5)
FNF:6
FNH:1
FNDA:7,(anonymous_0)
FNDA:0,(anonymous_1)
FNDA:0,(anonymous_2)
FNDA:0,(anonymous_3)
FNDA:0,(anonymous_4)
FNDA:0,(anonymous_5)
DA:19,1
DA:20,7
DA:22,7
DA:23,7
DA:25,7
DA:27,7
DA:31,7
DA:35,7
DA:36,0
DA:37,0
DA:38,0
DA:40,0
DA:41,0
DA:45,7
DA:46,0
DA:47,0
DA:52,0
DA:53,0
DA:54,0
DA:55,0
DA:58,7
DA:61,0
DA:62,0
DA:63,0
DA:66,7
DA:68,7
DA:83,0
LF:27
LH:12
BRDA:82,0,0,7
BRDA:82,0,1,0
BRF:2
BRH:1
end_of_record
