TN:
SF:src\components\Grid\Cell.tsx
FN:27,(anonymous_0)
FN:30,(anonymous_1)
FN:33,(anonymous_2)
FN:35,(anonymous_3)
FN:72,(anonymous_4)
FN:120,(anonymous_5)
FN:147,(anonymous_6)
FNF:7
FNH:7
FNDA:39,(anonymous_0)
FNDA:183,(anonymous_1)
FNDA:3,(anonymous_2)
FNDA:26,(anonymous_3)
FNDA:183,(anonymous_4)
FNDA:196,(anonymous_5)
FNDA:165,(anonymous_6)
DA:27,2
DA:28,39
DA:30,2
DA:31,183
DA:33,183
DA:35,183
DA:39,26
DA:41,26
DA:42,6
DA:46,183
DA:57,183
DA:72,2
DA:73,183
DA:79,183
DA:81,20
DA:87,12
DA:89,3
DA:95,3
DA:101,145
DA:109,2
DA:121,196
DA:127,2
DA:128,2
DA:144,2
DA:147,165
DA:153,2
DA:160,2
DA:164,2
DA:173,2
LF:29
LH:29
BRDA:41,0,0,6
BRDA:41,0,1,20
BRDA:79,1,0,20
BRDA:79,1,1,12
BRDA:79,1,2,3
BRDA:79,1,3,3
BRDA:79,1,4,145
BRDA:120,2,0,165
BRDA:121,3,0,13
BRDA:121,3,1,183
BRDA:147,4,0,165
BRDA:147,4,1,20
BRF:12
BRH:12
end_of_record
TN:
SF:src\components\Grid\Grid.tsx
FN:23,(anonymous_0)
FN:25,(anonymous_1)
FN:26,(anonymous_2)
FN:41,(anonymous_3)
FNF:4
FNH:4
FNDA:1,(anonymous_0)
FNDA:12,(anonymous_1)
FNDA:144,(anonymous_2)
FNDA:1,(anonymous_3)
DA:23,1
DA:24,1
DA:26,12
DA:27,144
DA:39,1
DA:41,1
LF:6
LH:6
BRF:0
BRH:0
end_of_record
TN:
SF:src\components\Scoreboard\Counter.tsx
FN:11,(anonymous_0)
FNF:1
FNH:1
FNDA:2,(anonymous_0)
DA:11,1
DA:12,2
DA:15,1
LF:3
LH:3
BRF:0
BRH:0
end_of_record
TN:
SF:src\components\Scoreboard\Level.tsx
FN:19,(anonymous_0)
FN:21,(anonymous_1)
FNF:2
FNH:2
FNDA:1,(anonymous_0)
FNDA:3,(anonymous_1)
DA:19,1
DA:20,1
DA:22,3
DA:29,1
DA:38,1
LF:5
LH:5
BRF:0
BRH:0
end_of_record
TN:
SF:src\components\Scoreboard\Reset.tsx
FN:13,(anonymous_0)
FNF:1
FNH:1
FNDA:9,(anonymous_0)
DA:13,2
DA:14,9
DA:16,9
DA:28,2
LF:4
LH:4
BRDA:23,0,0,2
BRDA:23,0,1,7
BRF:2
BRH:2
end_of_record
TN:
SF:src\components\Scoreboard\Scoreboard.tsx
FN:35,(anonymous_0)
FNF:1
FNH:1
FNDA:1,(anonymous_0)
DA:35,1
DA:43,1
DA:55,1
LF:3
LH:3
BRF:0
BRH:0
end_of_record
TN:
SF:src\components\hooks\useMouseDown.ts
FN:6,(anonymous_0)
FN:13,(anonymous_1)
FN:14,(anonymous_2)
FNF:3
FNH:3
FNDA:196,(anonymous_0)
FNDA:4,(anonymous_1)
FNDA:3,(anonymous_2)
DA:6,5
DA:11,196
DA:13,196
DA:14,196
DA:16,196
LF:5
LH:5
BRF:0
BRH:0
end_of_record
TN:
SF:src\core\CellsManipulator.ts
FN:8,(anonymous_0)
FN:28,(anonymous_1)
FN:37,(anonymous_2)
FNF:3
FNH:3
FNDA:180,(anonymous_0)
FNDA:1431,(anonymous_1)
FNDA:40,(anonymous_2)
DA:8,8
DA:11,180
DA:28,8
DA:29,1431
DA:37,8
DA:38,40
DA:40,40
DA:41,320
DA:42,223
DA:43,223
DA:44,192
DA:49,40
LF:12
LH:12
BRDA:29,0,0,1431
BRDA:29,0,1,1286
BRDA:29,0,2,1173
BRDA:29,0,3,1117
BRDA:41,1,0,223
BRDA:41,1,1,97
BRDA:43,2,0,192
BRDA:43,2,1,31
BRF:8
BRH:8
end_of_record
TN:
SF:src\core\Field.ts
FN:28,(anonymous_0)
FN:31,(anonymous_1)
FN:52,(anonymous_2)
FNF:3
FNH:3
FNDA:9,(anonymous_0)
FNDA:34,(anonymous_1)
FNDA:8,(anonymous_2)
DA:7,7
DA:28,7
DA:31,34
DA:52,7
DA:53,8
DA:54,2
DA:57,6
DA:58,6
DA:60,6
DA:62,6
DA:63,26
DA:64,210
DA:65,32
DA:66,32
DA:67,32
DA:69,210
DA:72,6
LF:17
LH:17
BRDA:30,0,0,8
BRDA:53,1,0,2
BRDA:53,1,1,6
BRDA:53,2,0,8
BRDA:53,2,1,7
BRDA:64,3,0,32
BRDA:64,3,1,178
BRF:7
BRH:7
end_of_record
TN:
SF:src\core\detectSolvedPuzzle.ts
FN:9,(anonymous_0)
FNF:1
FNH:1
FNDA:1064,(anonymous_0)
DA:9,4
DA:13,1064
DA:15,1064
DA:16,1064
DA:17,1064
DA:18,1064
DA:20,1064
DA:21,9323
DA:22,84579
DA:23,84579
DA:24,84579
DA:26,84579
DA:27,50141
DA:30,84579
DA:31,2746
DA:34,84579
DA:35,10758
DA:37,10758
DA:38,2652
DA:45,1064
DA:49,1064
LF:21
LH:21
BRDA:26,0,0,50141
BRDA:26,0,1,34438
BRDA:30,1,0,2746
BRDA:30,1,1,81833
BRDA:34,2,0,10758
BRDA:34,2,1,73821
BRDA:37,3,0,2652
BRDA:37,3,1,8106
BRDA:45,4,0,1064
BRDA:45,4,1,249
BRDA:45,4,2,248
BRF:11
BRH:11
end_of_record
TN:
SF:src\core\openCell.ts
FN:12,(anonymous_0)
FNF:1
FNH:1
FNDA:1012,(anonymous_0)
DA:12,2
DA:17,1012
DA:19,1012
DA:20,1012
DA:21,1012
DA:23,1012
DA:24,2
DA:27,1010
DA:28,1
DA:31,1009
DA:33,1009
DA:34,138
DA:36,138
DA:37,1104
DA:38,852
DA:43,1009
DA:45,1009
LF:17
LH:17
BRDA:23,0,0,2
BRDA:23,0,1,1010
BRDA:27,1,0,1
BRDA:27,1,1,1009
BRDA:33,2,0,138
BRDA:33,2,1,871
BRDA:33,3,0,1009
BRDA:33,3,1,622
BRDA:37,4,0,852
BRDA:37,4,1,252
BRF:10
BRH:10
end_of_record
TN:
SF:src\core\setFlag.ts
FN:13,(anonymous_0)
FNF:1
FNH:1
FNDA:48,(anonymous_0)
DA:13,2
DA:20,48
DA:21,48
DA:23,48
DA:25,48
DA:27,3
DA:28,3
DA:30,2
DA:31,2
DA:33,42
DA:34,38
DA:36,42
DA:39,48
DA:41,48
LF:14
LH:14
BRDA:25,0,0,3
BRDA:25,0,1,2
BRDA:25,0,2,42
BRDA:33,1,0,38
BRDA:33,1,1,4
BRF:5
BRH:5
end_of_record
TN:
SF:src\modules\GameSettings.ts
FNF:0
FNH:0
DA:1,2
DA:7,2
LF:2
LH:2
BRF:0
BRH:0
end_of_record
TN:
SF:src\modules\GameWithHooks\useGame.ts
FN:35,(anonymous_0)
FN:64,(anonymous_1)
FN:82,(anonymous_2)
FN:98,(anonymous_3)
FN:112,(anonymous_4)
FN:117,(anonymous_5)
FNF:6
FNH:6
FNDA:231,(anonymous_0)
FNDA:152,(anonymous_1)
FNDA:37,(anonymous_2)
FNDA:7,(anonymous_3)
FNDA:4,(anonymous_4)
FNDA:3,(anonymous_5)
DA:35,1
DA:40,231
DA:50,231
DA:52,231
DA:54,231
DA:56,231
DA:60,231
DA:64,231
DA:65,152
DA:66,152
DA:67,152
DA:72,151
DA:73,1
DA:75,151
DA:77,1
DA:78,1
DA:82,231
DA:83,37
DA:84,37
DA:91,37
DA:92,37
DA:93,1
DA:95,37
DA:98,231
DA:99,7
DA:100,7
DA:105,7
DA:106,7
DA:107,7
DA:108,7
DA:109,7
DA:112,231
DA:113,4
DA:114,4
DA:117,231
DA:119,231
LF:36
LH:36
BRDA:65,0,0,152
BRDA:65,0,1,152
BRDA:72,1,0,1
BRDA:72,1,1,150
BRDA:83,2,0,37
BRDA:83,2,1,26
BRDA:92,3,0,1
BRDA:92,3,1,36
BRF:8
BRH:8
end_of_record
TN:
SF:src\modules\GameWithHooks\useSettings.ts
FN:11,(anonymous_0)
FN:20,(anonymous_1)
FNF:2
FNH:2
FNDA:234,(anonymous_0)
FNDA:5,(anonymous_1)
DA:11,2
DA:14,234
DA:15,234
DA:17,234
DA:21,5
DA:22,5
LF:6
LH:6
BRDA:12,0,0,234
BRF:1
BRH:1
end_of_record
TN:
SF:src\modules\GameWithHooks\useStatus.ts
FN:20,(anonymous_0)
FN:27,(anonymous_1)
FN:33,(anonymous_2)
FN:35,(anonymous_3)
FN:37,(anonymous_4)
FN:39,(anonymous_5)
FNF:6
FNH:6
FNDA:244,(anonymous_0)
FNDA:196,(anonymous_1)
FNDA:9,(anonymous_2)
FNDA:180,(anonymous_3)
FNDA:4,(anonymous_4)
FNDA:3,(anonymous_5)
DA:20,2
DA:21,244
DA:23,244
DA:24,244
DA:25,244
DA:27,244
DA:28,196
DA:29,196
DA:30,196
DA:33,244
DA:35,244
DA:37,244
DA:39,244
DA:41,244
LF:14
LH:14
BRF:0
BRH:0
end_of_record
TN:
SF:src\modules\GameWithHooks\useTime.ts
FN:3,(anonymous_0)
FN:9,(anonymous_1)
FN:11,(anonymous_2)
FN:15,(anonymous_3)
FN:24,(anonymous_4)
FNF:5
FNH:5
FNDA:247,(anonymous_0)
FNDA:8,(anonymous_1)
FNDA:72,(anonymous_2)
FNDA:30,(anonymous_3)
FNDA:72,(anonymous_4)
DA:3,2
DA:7,247
DA:9,247
DA:11,247
DA:14,72
DA:15,49
DA:16,30
DA:19,49
DA:20,3
DA:24,72
DA:25,72
DA:29,247
LF:12
LH:12
BRDA:14,0,0,49
BRDA:14,0,1,23
BRDA:19,1,0,3
BRDA:19,1,1,46
BRF:4
BRH:4
end_of_record
